2026-05-18 13:13:13,011 - INFO - Starting data fetch cycle...
2026-05-18 13:13:13,923 - INFO - [RELIANCE_NS] Inserted 239 rows (duplicates ignored)
2026-05-18 13:13:13,923 - INFO - Inserted 239 rows for RELIANCE.NS
2026-05-18 13:13:14,233 - INFO - [HDFCBANK_NS] Inserted 239 rows (duplicates ignored)
2026-05-18 13:13:14,236 - INFO - Inserted 239 rows for HDFCBANK.NS
2026-05-18 13:13:14,623 - INFO - [ICICIBANK_NS] Inserted 239 rows (duplicates ignored)
2026-05-18 13:13:14,623 - INFO - Inserted 239 rows for ICICIBANK.NS
2026-05-18 13:13:15,018 - INFO - [INFY_NS] Inserted 239 rows (duplicates ignored)
2026-05-18 13:13:15,026 - INFO - Inserted 239 rows for INFY.NS
2026-05-18 13:13:15,371 - INFO - [TCS_NS] Inserted 239 rows (duplicates ignored)
2026-05-18 13:13:15,371 - INFO - Inserted 239 rows for TCS.NS
2026-05-18 13:13:15,762 - INFO - [ITC_NS] Inserted 239 rows (duplicates ignored)
2026-05-18 13:13:15,767 - INFO - Inserted 239 rows for ITC.NS
2026-05-18 13:13:16,151 - INFO - [HINDUNILVR_NS] Inserted 239 rows (duplicates ignored)
2026-05-18 13:13:16,153 - INFO - Inserted 239 rows for HINDUNILVR.NS
2026-05-18 13:13:16,480 - INFO - [SBIN_NS] Inserted 239 rows (duplicates ignored)
2026-05-18 13:13:16,483 - INFO - Inserted 239 rows for SBIN.NS
2026-05-18 13:13:16,914 - INFO - [BHARTIARTL_NS] Inserted 239 rows (duplicates ignored)
2026-05-18 13:13:16,914 - INFO - Inserted 239 rows for BHARTIARTL.NS
2026-05-18 13:13:17,270 - INFO - [KOTAKBANK_NS] Inserted 239 rows (duplicates ignored)
2026-05-18 13:13:17,271 - INFO - Inserted 239 rows for KOTAKBANK.NS
2026-05-18 13:13:17,670 - INFO - [LT_NS] Inserted 239 rows (duplicates ignored)
2026-05-18 13:13:17,670 - INFO - Inserted 239 rows for LT.NS
2026-05-18 13:13:18,259 - INFO - [AXISBANK_NS] Inserted 239 rows (duplicates ignored)
2026-05-18 13:13:18,262 - INFO - Inserted 239 rows for AXISBANK.NS
2026-05-18 13:13:18,702 - INFO - [BAJFINANCE_NS] Inserted 239 rows (duplicates ignored)
2026-05-18 13:13:18,702 - INFO - Inserted 239 rows for BAJFINANCE.NS
2026-05-18 13:13:19,109 - INFO - [ASIANPAINT_NS] Inserted 239 rows (duplicates ignored)
2026-05-18 13:13:19,112 - INFO - Inserted 239 rows for ASIANPAINT.NS
2026-05-18 13:13:19,496 - INFO - [MARUTI_NS] Inserted 239 rows (duplicates ignored)
2026-05-18 13:13:19,497 - INFO - Inserted 239 rows for MARUTI.NS
2026-05-18 13:13:19,825 - INFO - [SUNPHARMA_NS] Inserted 239 rows (duplicates ignored)
2026-05-18 13:13:19,827 - INFO - Inserted 239 rows for SUNPHARMA.NS
2026-05-18 13:13:20,245 - INFO - [WIPRO_NS] Inserted 239 rows (duplicates ignored)
2026-05-18 13:13:20,245 - INFO - Inserted 239 rows for WIPRO.NS
2026-05-18 13:13:20,558 - INFO - [POWERGRID_NS] Inserted 239 rows (duplicates ignored)
2026-05-18 13:13:20,559 - INFO - Inserted 239 rows for POWERGRID.NS
2026-05-18 13:13:20,910 - INFO - [NTPC_NS] Inserted 239 rows (duplicates ignored)
2026-05-18 13:13:20,912 - INFO - Inserted 239 rows for NTPC.NS
2026-05-18 13:13:21,298 - INFO - [ONGC_NS] Inserted 239 rows (duplicates ignored)
2026-05-18 13:13:21,300 - INFO - Inserted 239 rows for ONGC.NS
2026-05-18 13:13:21,348 - INFO - Cycle complete. README updated.
2026-05-24 06:18:23,286 - INFO - Starting data fetch cycle...
2026-05-24 06:18:23,651 - INFO - [RELIANCE_NS] Inserted 375 rows (duplicates ignored)
2026-05-24 06:18:23,652 - INFO - Inserted 375 rows for RELIANCE.NS
2026-05-24 06:18:23,813 - INFO - [HDFCBANK_NS] Inserted 375 rows (duplicates ignored)
2026-05-24 06:18:23,814 - INFO - Inserted 375 rows for HDFCBANK.NS
2026-05-24 06:18:23,968 - INFO - [ICICIBANK_NS] Inserted 375 rows (duplicates ignored)
2026-05-24 06:18:23,969 - INFO - Inserted 375 rows for ICICIBANK.NS
2026-05-24 06:18:24,148 - INFO - [INFY_NS] Inserted 375 rows (duplicates ignored)
2026-05-24 06:18:24,148 - INFO - Inserted 375 rows for INFY.NS
2026-05-24 06:18:24,311 - INFO - [TCS_NS] Inserted 375 rows (duplicates ignored)
2026-05-24 06:18:24,311 - INFO - Inserted 375 rows for TCS.NS
2026-05-24 06:18:24,515 - INFO - [ITC_NS] Inserted 375 rows (duplicates ignored)
2026-05-24 06:18:24,515 - INFO - Inserted 375 rows for ITC.NS
2026-05-24 06:18:24,668 - INFO - [HINDUNILVR_NS] Inserted 375 rows (duplicates ignored)
2026-05-24 06:18:24,669 - INFO - Inserted 375 rows for HINDUNILVR.NS
2026-05-24 06:18:24,835 - INFO - [SBIN_NS] Inserted 375 rows (duplicates ignored)
2026-05-24 06:18:24,835 - INFO - Inserted 375 rows for SBIN.NS
2026-05-24 06:18:24,997 - INFO - [BHARTIARTL_NS] Inserted 375 rows (duplicates ignored)
2026-05-24 06:18:24,997 - INFO - Inserted 375 rows for BHARTIARTL.NS
2026-05-24 06:18:25,164 - INFO - [KOTAKBANK_NS] Inserted 375 rows (duplicates ignored)
2026-05-24 06:18:25,164 - INFO - Inserted 375 rows for KOTAKBANK.NS
2026-05-24 06:18:25,408 - INFO - [LT_NS] Inserted 375 rows (duplicates ignored)
2026-05-24 06:18:25,408 - INFO - Inserted 375 rows for LT.NS
2026-05-24 06:18:25,580 - INFO - [AXISBANK_NS] Inserted 375 rows (duplicates ignored)
2026-05-24 06:18:25,580 - INFO - Inserted 375 rows for AXISBANK.NS
2026-05-24 06:18:25,742 - INFO - [BAJFINANCE_NS] Inserted 375 rows (duplicates ignored)
2026-05-24 06:18:25,742 - INFO - Inserted 375 rows for BAJFINANCE.NS
2026-05-24 06:18:25,904 - INFO - [ASIANPAINT_NS] Inserted 375 rows (duplicates ignored)
2026-05-24 06:18:25,904 - INFO - Inserted 375 rows for ASIANPAINT.NS
2026-05-24 06:18:26,064 - INFO - [MARUTI_NS] Inserted 375 rows (duplicates ignored)
2026-05-24 06:18:26,065 - INFO - Inserted 375 rows for MARUTI.NS
2026-05-24 06:18:26,243 - INFO - [SUNPHARMA_NS] Inserted 375 rows (duplicates ignored)
2026-05-24 06:18:26,243 - INFO - Inserted 375 rows for SUNPHARMA.NS
2026-05-24 06:18:26,431 - INFO - [WIPRO_NS] Inserted 375 rows (duplicates ignored)
2026-05-24 06:18:26,431 - INFO - Inserted 375 rows for WIPRO.NS
2026-05-24 06:18:26,580 - INFO - [POWERGRID_NS] Inserted 375 rows (duplicates ignored)
2026-05-24 06:18:26,581 - INFO - Inserted 375 rows for POWERGRID.NS
2026-05-24 06:18:26,733 - INFO - [NTPC_NS] Inserted 375 rows (duplicates ignored)
2026-05-24 06:18:26,733 - INFO - Inserted 375 rows for NTPC.NS
2026-05-24 06:18:26,956 - INFO - [ONGC_NS] Inserted 375 rows (duplicates ignored)
2026-05-24 06:18:26,956 - INFO - Inserted 375 rows for ONGC.NS
2026-05-24 06:18:26,969 - INFO - Cycle complete. README updated.
2026-05-25 04:17:24,831 - INFO - Starting data fetch cycle...
2026-05-25 04:17:25,069 - INFO - [RELIANCE_NS] Inserted 33 rows (duplicates ignored)
2026-05-25 04:17:25,069 - INFO - Inserted 33 rows for RELIANCE.NS
2026-05-25 04:17:25,204 - INFO - [HDFCBANK_NS] Inserted 33 rows (duplicates ignored)
2026-05-25 04:17:25,204 - INFO - Inserted 33 rows for HDFCBANK.NS
2026-05-25 04:17:25,381 - INFO - [ICICIBANK_NS] Inserted 33 rows (duplicates ignored)
2026-05-25 04:17:25,381 - INFO - Inserted 33 rows for ICICIBANK.NS
2026-05-25 04:17:25,522 - INFO - [INFY_NS] Inserted 33 rows (duplicates ignored)
2026-05-25 04:17:25,522 - INFO - Inserted 33 rows for INFY.NS
2026-05-25 04:17:25,654 - INFO - [TCS_NS] Inserted 33 rows (duplicates ignored)
2026-05-25 04:17:25,654 - INFO - Inserted 33 rows for TCS.NS
2026-05-25 04:17:25,789 - INFO - [ITC_NS] Inserted 33 rows (duplicates ignored)
2026-05-25 04:17:25,789 - INFO - Inserted 33 rows for ITC.NS
2026-05-25 04:17:25,939 - INFO - [HINDUNILVR_NS] Inserted 33 rows (duplicates ignored)
2026-05-25 04:17:25,939 - INFO - Inserted 33 rows for HINDUNILVR.NS
2026-05-25 04:17:26,085 - INFO - [SBIN_NS] Inserted 33 rows (duplicates ignored)
2026-05-25 04:17:26,085 - INFO - Inserted 33 rows for SBIN.NS
2026-05-25 04:17:26,214 - INFO - [BHARTIARTL_NS] Inserted 33 rows (duplicates ignored)
2026-05-25 04:17:26,214 - INFO - Inserted 33 rows for BHARTIARTL.NS
2026-05-25 04:17:26,337 - INFO - [KOTAKBANK_NS] Inserted 33 rows (duplicates ignored)
2026-05-25 04:17:26,337 - INFO - Inserted 33 rows for KOTAKBANK.NS
2026-05-25 04:17:26,473 - INFO - [LT_NS] Inserted 33 rows (duplicates ignored)
2026-05-25 04:17:26,473 - INFO - Inserted 33 rows for LT.NS
2026-05-25 04:17:26,613 - INFO - [AXISBANK_NS] Inserted 33 rows (duplicates ignored)
2026-05-25 04:17:26,613 - INFO - Inserted 33 rows for AXISBANK.NS
2026-05-25 04:17:26,779 - INFO - [BAJFINANCE_NS] Inserted 33 rows (duplicates ignored)
2026-05-25 04:17:26,780 - INFO - Inserted 33 rows for BAJFINANCE.NS
2026-05-25 04:17:26,923 - INFO - [ASIANPAINT_NS] Inserted 33 rows (duplicates ignored)
2026-05-25 04:17:26,923 - INFO - Inserted 33 rows for ASIANPAINT.NS
2026-05-25 04:17:27,054 - INFO - [MARUTI_NS] Inserted 33 rows (duplicates ignored)
2026-05-25 04:17:27,054 - INFO - Inserted 33 rows for MARUTI.NS
2026-05-25 04:17:27,194 - INFO - [SUNPHARMA_NS] Inserted 33 rows (duplicates ignored)
2026-05-25 04:17:27,194 - INFO - Inserted 33 rows for SUNPHARMA.NS
2026-05-25 04:17:27,340 - INFO - [WIPRO_NS] Inserted 33 rows (duplicates ignored)
2026-05-25 04:17:27,340 - INFO - Inserted 33 rows for WIPRO.NS
2026-05-25 04:17:27,468 - INFO - [POWERGRID_NS] Inserted 33 rows (duplicates ignored)
2026-05-25 04:17:27,469 - INFO - Inserted 33 rows for POWERGRID.NS
2026-05-25 04:17:27,592 - INFO - [NTPC_NS] Inserted 33 rows (duplicates ignored)
2026-05-25 04:17:27,592 - INFO - Inserted 33 rows for NTPC.NS
2026-05-25 04:17:27,759 - INFO - [ONGC_NS] Inserted 33 rows (duplicates ignored)
2026-05-25 04:17:27,759 - INFO - Inserted 33 rows for ONGC.NS
2026-05-25 04:17:27,771 - INFO - Cycle complete. README updated.
2026-05-25 06:29:55,097 - INFO - Starting data fetch cycle...
2026-05-25 06:29:55,832 - INFO - [RELIANCE_NS] Inserted 165 rows (duplicates ignored)
2026-05-25 06:29:55,832 - INFO - Inserted 165 rows for RELIANCE.NS
2026-05-25 06:29:56,146 - INFO - [HDFCBANK_NS] Inserted 165 rows (duplicates ignored)
2026-05-25 06:29:56,146 - INFO - Inserted 165 rows for HDFCBANK.NS
2026-05-25 06:29:56,443 - INFO - [ICICIBANK_NS] Inserted 165 rows (duplicates ignored)
2026-05-25 06:29:56,443 - INFO - Inserted 165 rows for ICICIBANK.NS
2026-05-25 06:29:56,814 - INFO - [INFY_NS] Inserted 165 rows (duplicates ignored)
2026-05-25 06:29:56,814 - INFO - Inserted 165 rows for INFY.NS
2026-05-25 06:29:57,167 - INFO - [TCS_NS] Inserted 165 rows (duplicates ignored)
2026-05-25 06:29:57,167 - INFO - Inserted 165 rows for TCS.NS
2026-05-25 06:29:57,551 - INFO - [ITC_NS] Inserted 165 rows (duplicates ignored)
2026-05-25 06:29:57,551 - INFO - Inserted 165 rows for ITC.NS
2026-05-25 06:29:57,891 - INFO - [HINDUNILVR_NS] Inserted 165 rows (duplicates ignored)
2026-05-25 06:29:57,891 - INFO - Inserted 165 rows for HINDUNILVR.NS
2026-05-25 06:29:58,281 - INFO - [SBIN_NS] Inserted 165 rows (duplicates ignored)
2026-05-25 06:29:58,281 - INFO - Inserted 165 rows for SBIN.NS
2026-05-25 06:29:58,578 - INFO - [BHARTIARTL_NS] Inserted 165 rows (duplicates ignored)
2026-05-25 06:29:58,578 - INFO - Inserted 165 rows for BHARTIARTL.NS
2026-05-25 06:29:58,893 - INFO - [KOTAKBANK_NS] Inserted 165 rows (duplicates ignored)
2026-05-25 06:29:58,893 - INFO - Inserted 165 rows for KOTAKBANK.NS
2026-05-25 06:29:59,213 - INFO - [LT_NS] Inserted 165 rows (duplicates ignored)
2026-05-25 06:29:59,214 - INFO - Inserted 165 rows for LT.NS
2026-05-25 06:29:59,526 - INFO - [AXISBANK_NS] Inserted 165 rows (duplicates ignored)
2026-05-25 06:29:59,526 - INFO - Inserted 165 rows for AXISBANK.NS
2026-05-25 06:29:59,868 - INFO - [BAJFINANCE_NS] Inserted 165 rows (duplicates ignored)
2026-05-25 06:29:59,868 - INFO - Inserted 165 rows for BAJFINANCE.NS
2026-05-25 06:30:00,248 - INFO - [ASIANPAINT_NS] Inserted 165 rows (duplicates ignored)
2026-05-25 06:30:00,248 - INFO - Inserted 165 rows for ASIANPAINT.NS
2026-05-25 06:30:00,516 - INFO - [MARUTI_NS] Inserted 165 rows (duplicates ignored)
2026-05-25 06:30:00,516 - INFO - Inserted 165 rows for MARUTI.NS
2026-05-25 06:30:00,866 - INFO - [SUNPHARMA_NS] Inserted 165 rows (duplicates ignored)
2026-05-25 06:30:00,866 - INFO - Inserted 165 rows for SUNPHARMA.NS
2026-05-25 06:30:01,206 - INFO - [WIPRO_NS] Inserted 165 rows (duplicates ignored)
2026-05-25 06:30:01,206 - INFO - Inserted 165 rows for WIPRO.NS
2026-05-25 06:30:01,534 - INFO - [POWERGRID_NS] Inserted 165 rows (duplicates ignored)
2026-05-25 06:30:01,534 - INFO - Inserted 165 rows for POWERGRID.NS
2026-05-25 06:30:01,904 - INFO - [NTPC_NS] Inserted 165 rows (duplicates ignored)
2026-05-25 06:30:01,905 - INFO - Inserted 165 rows for NTPC.NS
2026-05-25 06:30:02,278 - INFO - [ONGC_NS] Inserted 165 rows (duplicates ignored)
2026-05-25 06:30:02,279 - INFO - Inserted 165 rows for ONGC.NS
2026-05-25 06:30:02,291 - INFO - Cycle complete. README updated.
2026-05-25 08:23:32,297 - INFO - Starting data fetch cycle...
2026-05-25 08:23:32,569 - INFO - [RELIANCE_NS] Inserted 279 rows (duplicates ignored)
2026-05-25 08:23:32,569 - INFO - Inserted 279 rows for RELIANCE.NS
2026-05-25 08:23:32,715 - INFO - [HDFCBANK_NS] Inserted 279 rows (duplicates ignored)
2026-05-25 08:23:32,715 - INFO - Inserted 279 rows for HDFCBANK.NS
2026-05-25 08:23:32,860 - INFO - [ICICIBANK_NS] Inserted 279 rows (duplicates ignored)
2026-05-25 08:23:32,860 - INFO - Inserted 279 rows for ICICIBANK.NS
2026-05-25 08:23:33,006 - INFO - [INFY_NS] Inserted 279 rows (duplicates ignored)
2026-05-25 08:23:33,007 - INFO - Inserted 279 rows for INFY.NS
2026-05-25 08:23:33,162 - INFO - [TCS_NS] Inserted 279 rows (duplicates ignored)
2026-05-25 08:23:33,162 - INFO - Inserted 279 rows for TCS.NS
2026-05-25 08:23:33,321 - INFO - [ITC_NS] Inserted 279 rows (duplicates ignored)
2026-05-25 08:23:33,321 - INFO - Inserted 279 rows for ITC.NS
2026-05-25 08:23:33,488 - INFO - [HINDUNILVR_NS] Inserted 279 rows (duplicates ignored)
2026-05-25 08:23:33,488 - INFO - Inserted 279 rows for HINDUNILVR.NS
2026-05-25 08:23:33,629 - INFO - [SBIN_NS] Inserted 279 rows (duplicates ignored)
2026-05-25 08:23:33,629 - INFO - Inserted 279 rows for SBIN.NS
2026-05-25 08:23:33,754 - INFO - [BHARTIARTL_NS] Inserted 279 rows (duplicates ignored)
2026-05-25 08:23:33,754 - INFO - Inserted 279 rows for BHARTIARTL.NS
2026-05-25 08:23:33,894 - INFO - [KOTAKBANK_NS] Inserted 279 rows (duplicates ignored)
2026-05-25 08:23:33,894 - INFO - Inserted 279 rows for KOTAKBANK.NS
2026-05-25 08:23:34,022 - INFO - [LT_NS] Inserted 279 rows (duplicates ignored)
2026-05-25 08:23:34,023 - INFO - Inserted 279 rows for LT.NS
2026-05-25 08:23:34,169 - INFO - [AXISBANK_NS] Inserted 279 rows (duplicates ignored)
2026-05-25 08:23:34,169 - INFO - Inserted 279 rows for AXISBANK.NS
2026-05-25 08:23:34,305 - INFO - [BAJFINANCE_NS] Inserted 279 rows (duplicates ignored)
2026-05-25 08:23:34,305 - INFO - Inserted 279 rows for BAJFINANCE.NS
2026-05-25 08:23:34,450 - INFO - [ASIANPAINT_NS] Inserted 279 rows (duplicates ignored)
2026-05-25 08:23:34,450 - INFO - Inserted 279 rows for ASIANPAINT.NS
2026-05-25 08:23:34,586 - INFO - [MARUTI_NS] Inserted 279 rows (duplicates ignored)
2026-05-25 08:23:34,587 - INFO - Inserted 279 rows for MARUTI.NS
2026-05-25 08:23:34,744 - INFO - [SUNPHARMA_NS] Inserted 279 rows (duplicates ignored)
2026-05-25 08:23:34,744 - INFO - Inserted 279 rows for SUNPHARMA.NS
2026-05-25 08:23:34,890 - INFO - [WIPRO_NS] Inserted 279 rows (duplicates ignored)
2026-05-25 08:23:34,890 - INFO - Inserted 279 rows for WIPRO.NS
2026-05-25 08:23:35,025 - INFO - [POWERGRID_NS] Inserted 279 rows (duplicates ignored)
2026-05-25 08:23:35,025 - INFO - Inserted 279 rows for POWERGRID.NS
2026-05-25 08:23:35,166 - INFO - [NTPC_NS] Inserted 279 rows (duplicates ignored)
2026-05-25 08:23:35,166 - INFO - Inserted 279 rows for NTPC.NS
2026-05-25 08:23:35,306 - INFO - [ONGC_NS] Inserted 279 rows (duplicates ignored)
2026-05-25 08:23:35,306 - INFO - Inserted 279 rows for ONGC.NS
2026-05-25 08:23:35,318 - INFO - Cycle complete. README updated.
2026-05-25 08:33:39,166 - INFO - Starting data fetch cycle...
2026-05-25 08:33:39,820 - INFO - [RELIANCE_NS] Inserted 289 rows (duplicates ignored)
2026-05-25 08:33:39,820 - INFO - Inserted 289 rows for RELIANCE.NS
2026-05-25 08:33:40,049 - INFO - [HDFCBANK_NS] Inserted 289 rows (duplicates ignored)
2026-05-25 08:33:40,050 - INFO - Inserted 289 rows for HDFCBANK.NS
2026-05-25 08:33:40,303 - INFO - [ICICIBANK_NS] Inserted 289 rows (duplicates ignored)
2026-05-25 08:33:40,303 - INFO - Inserted 289 rows for ICICIBANK.NS
2026-05-25 08:33:40,673 - INFO - [INFY_NS] Inserted 289 rows (duplicates ignored)
2026-05-25 08:33:40,673 - INFO - Inserted 289 rows for INFY.NS
2026-05-25 08:33:40,904 - INFO - [TCS_NS] Inserted 289 rows (duplicates ignored)
2026-05-25 08:33:40,905 - INFO - Inserted 289 rows for TCS.NS
2026-05-25 08:33:41,147 - INFO - [ITC_NS] Inserted 289 rows (duplicates ignored)
2026-05-25 08:33:41,147 - INFO - Inserted 289 rows for ITC.NS
2026-05-25 08:33:41,390 - INFO - [HINDUNILVR_NS] Inserted 289 rows (duplicates ignored)
2026-05-25 08:33:41,390 - INFO - Inserted 289 rows for HINDUNILVR.NS
2026-05-25 08:33:41,623 - INFO - [SBIN_NS] Inserted 289 rows (duplicates ignored)
2026-05-25 08:33:41,623 - INFO - Inserted 289 rows for SBIN.NS
2026-05-25 08:33:41,842 - INFO - [BHARTIARTL_NS] Inserted 289 rows (duplicates ignored)
2026-05-25 08:33:41,842 - INFO - Inserted 289 rows for BHARTIARTL.NS
2026-05-25 08:33:42,146 - INFO - [KOTAKBANK_NS] Inserted 289 rows (duplicates ignored)
2026-05-25 08:33:42,147 - INFO - Inserted 289 rows for KOTAKBANK.NS
2026-05-25 08:33:42,376 - INFO - [LT_NS] Inserted 289 rows (duplicates ignored)
2026-05-25 08:33:42,376 - INFO - Inserted 289 rows for LT.NS
2026-05-25 08:33:42,623 - INFO - [AXISBANK_NS] Inserted 289 rows (duplicates ignored)
2026-05-25 08:33:42,623 - INFO - Inserted 289 rows for AXISBANK.NS
2026-05-25 08:33:42,857 - INFO - [BAJFINANCE_NS] Inserted 289 rows (duplicates ignored)
2026-05-25 08:33:42,858 - INFO - Inserted 289 rows for BAJFINANCE.NS
2026-05-25 08:33:43,202 - INFO - [ASIANPAINT_NS] Inserted 289 rows (duplicates ignored)
2026-05-25 08:33:43,202 - INFO - Inserted 289 rows for ASIANPAINT.NS
2026-05-25 08:33:43,496 - INFO - [MARUTI_NS] Inserted 289 rows (duplicates ignored)
2026-05-25 08:33:43,496 - INFO - Inserted 289 rows for MARUTI.NS
2026-05-25 08:33:43,729 - INFO - [SUNPHARMA_NS] Inserted 289 rows (duplicates ignored)
2026-05-25 08:33:43,729 - INFO - Inserted 289 rows for SUNPHARMA.NS
2026-05-25 08:33:43,993 - INFO - [WIPRO_NS] Inserted 289 rows (duplicates ignored)
2026-05-25 08:33:43,994 - INFO - Inserted 289 rows for WIPRO.NS
2026-05-25 08:33:44,213 - INFO - [POWERGRID_NS] Inserted 289 rows (duplicates ignored)
2026-05-25 08:33:44,214 - INFO - Inserted 289 rows for POWERGRID.NS
2026-05-25 08:33:44,445 - INFO - [NTPC_NS] Inserted 289 rows (duplicates ignored)
2026-05-25 08:33:44,445 - INFO - Inserted 289 rows for NTPC.NS
2026-05-25 08:33:44,682 - INFO - [ONGC_NS] Inserted 289 rows (duplicates ignored)
2026-05-25 08:33:44,682 - INFO - Inserted 289 rows for ONGC.NS
2026-05-25 08:33:44,698 - INFO - Cycle complete. README updated.
2026-05-25 23:40:51,741 - INFO - Starting data fetch cycle...
2026-05-25 23:40:51,999 - INFO - [RELIANCE_NS] Inserted 375 rows (duplicates ignored)
2026-05-25 23:40:51,999 - INFO - Inserted 375 rows for RELIANCE.NS
2026-05-25 23:40:52,141 - INFO - [HDFCBANK_NS] Inserted 375 rows (duplicates ignored)
2026-05-25 23:40:52,141 - INFO - Inserted 375 rows for HDFCBANK.NS
2026-05-25 23:40:52,320 - INFO - [ICICIBANK_NS] Inserted 375 rows (duplicates ignored)
2026-05-25 23:40:52,320 - INFO - Inserted 375 rows for ICICIBANK.NS
2026-05-25 23:40:52,488 - INFO - [INFY_NS] Inserted 375 rows (duplicates ignored)
2026-05-25 23:40:52,488 - INFO - Inserted 375 rows for INFY.NS
2026-05-25 23:40:52,628 - INFO - [TCS_NS] Inserted 375 rows (duplicates ignored)
2026-05-25 23:40:52,629 - INFO - Inserted 375 rows for TCS.NS
2026-05-25 23:40:52,789 - INFO - [ITC_NS] Inserted 375 rows (duplicates ignored)
2026-05-25 23:40:52,789 - INFO - Inserted 375 rows for ITC.NS
2026-05-25 23:40:52,952 - INFO - [HINDUNILVR_NS] Inserted 375 rows (duplicates ignored)
2026-05-25 23:40:52,952 - INFO - Inserted 375 rows for HINDUNILVR.NS
2026-05-25 23:40:53,101 - INFO - [SBIN_NS] Inserted 375 rows (duplicates ignored)
2026-05-25 23:40:53,101 - INFO - Inserted 375 rows for SBIN.NS
2026-05-25 23:40:53,230 - INFO - [BHARTIARTL_NS] Inserted 375 rows (duplicates ignored)
2026-05-25 23:40:53,230 - INFO - Inserted 375 rows for BHARTIARTL.NS
2026-05-25 23:40:53,389 - INFO - [KOTAKBANK_NS] Inserted 375 rows (duplicates ignored)
2026-05-25 23:40:53,389 - INFO - Inserted 375 rows for KOTAKBANK.NS
2026-05-25 23:40:53,530 - INFO - [LT_NS] Inserted 375 rows (duplicates ignored)
2026-05-25 23:40:53,531 - INFO - Inserted 375 rows for LT.NS
2026-05-25 23:40:53,680 - INFO - [AXISBANK_NS] Inserted 375 rows (duplicates ignored)
2026-05-25 23:40:53,680 - INFO - Inserted 375 rows for AXISBANK.NS
2026-05-25 23:40:53,829 - INFO - [BAJFINANCE_NS] Inserted 375 rows (duplicates ignored)
2026-05-25 23:40:53,830 - INFO - Inserted 375 rows for BAJFINANCE.NS
2026-05-25 23:40:53,987 - INFO - [ASIANPAINT_NS] Inserted 375 rows (duplicates ignored)
2026-05-25 23:40:53,987 - INFO - Inserted 375 rows for ASIANPAINT.NS
2026-05-25 23:40:54,134 - INFO - [MARUTI_NS] Inserted 375 rows (duplicates ignored)
2026-05-25 23:40:54,134 - INFO - Inserted 375 rows for MARUTI.NS
2026-05-25 23:40:54,282 - INFO - [SUNPHARMA_NS] Inserted 375 rows (duplicates ignored)
2026-05-25 23:40:54,283 - INFO - Inserted 375 rows for SUNPHARMA.NS
2026-05-25 23:40:54,451 - INFO - [WIPRO_NS] Inserted 375 rows (duplicates ignored)
2026-05-25 23:40:54,451 - INFO - Inserted 375 rows for WIPRO.NS
2026-05-25 23:40:54,593 - INFO - [POWERGRID_NS] Inserted 375 rows (duplicates ignored)
2026-05-25 23:40:54,593 - INFO - Inserted 375 rows for POWERGRID.NS
2026-05-25 23:40:54,760 - INFO - [NTPC_NS] Inserted 375 rows (duplicates ignored)
2026-05-25 23:40:54,760 - INFO - Inserted 375 rows for NTPC.NS
2026-05-25 23:40:54,922 - INFO - [ONGC_NS] Inserted 375 rows (duplicates ignored)
2026-05-25 23:40:54,922 - INFO - Inserted 375 rows for ONGC.NS
2026-05-25 23:40:54,936 - INFO - Cycle complete. README updated.
2026-05-26 01:31:34,116 - INFO - Starting data fetch cycle...
2026-05-26 01:31:34,640 - INFO - [RELIANCE_NS] Inserted 375 rows (duplicates ignored)
2026-05-26 01:31:34,640 - INFO - Inserted 375 rows for RELIANCE.NS
2026-05-26 01:31:34,810 - INFO - [HDFCBANK_NS] Inserted 375 rows (duplicates ignored)
2026-05-26 01:31:34,810 - INFO - Inserted 375 rows for HDFCBANK.NS
2026-05-26 01:31:34,989 - INFO - [ICICIBANK_NS] Inserted 375 rows (duplicates ignored)
2026-05-26 01:31:34,989 - INFO - Inserted 375 rows for ICICIBANK.NS
2026-05-26 01:31:35,194 - INFO - [INFY_NS] Inserted 375 rows (duplicates ignored)
2026-05-26 01:31:35,194 - INFO - Inserted 375 rows for INFY.NS
2026-05-26 01:31:35,365 - INFO - [TCS_NS] Inserted 375 rows (duplicates ignored)
2026-05-26 01:31:35,365 - INFO - Inserted 375 rows for TCS.NS
2026-05-26 01:31:35,556 - INFO - [ITC_NS] Inserted 375 rows (duplicates ignored)
2026-05-26 01:31:35,556 - INFO - Inserted 375 rows for ITC.NS
2026-05-26 01:31:35,726 - INFO - [HINDUNILVR_NS] Inserted 375 rows (duplicates ignored)
2026-05-26 01:31:35,726 - INFO - Inserted 375 rows for HINDUNILVR.NS
2026-05-26 01:31:35,919 - INFO - [SBIN_NS] Inserted 375 rows (duplicates ignored)
2026-05-26 01:31:35,919 - INFO - Inserted 375 rows for SBIN.NS
2026-05-26 01:31:36,077 - INFO - [BHARTIARTL_NS] Inserted 375 rows (duplicates ignored)
2026-05-26 01:31:36,077 - INFO - Inserted 375 rows for BHARTIARTL.NS
2026-05-26 01:31:36,244 - INFO - [KOTAKBANK_NS] Inserted 375 rows (duplicates ignored)
2026-05-26 01:31:36,244 - INFO - Inserted 375 rows for KOTAKBANK.NS
2026-05-26 01:31:36,412 - INFO - [LT_NS] Inserted 375 rows (duplicates ignored)
2026-05-26 01:31:36,412 - INFO - Inserted 375 rows for LT.NS
2026-05-26 01:31:36,569 - INFO - [AXISBANK_NS] Inserted 375 rows (duplicates ignored)
2026-05-26 01:31:36,569 - INFO - Inserted 375 rows for AXISBANK.NS
2026-05-26 01:31:36,722 - INFO - [BAJFINANCE_NS] Inserted 375 rows (duplicates ignored)
2026-05-26 01:31:36,722 - INFO - Inserted 375 rows for BAJFINANCE.NS
2026-05-26 01:31:36,889 - INFO - [ASIANPAINT_NS] Inserted 375 rows (duplicates ignored)
2026-05-26 01:31:36,889 - INFO - Inserted 375 rows for ASIANPAINT.NS
2026-05-26 01:31:37,057 - INFO - [MARUTI_NS] Inserted 375 rows (duplicates ignored)
2026-05-26 01:31:37,057 - INFO - Inserted 375 rows for MARUTI.NS
2026-05-26 01:31:37,235 - INFO - [SUNPHARMA_NS] Inserted 375 rows (duplicates ignored)
2026-05-26 01:31:37,235 - INFO - Inserted 375 rows for SUNPHARMA.NS
2026-05-26 01:31:37,422 - INFO - [WIPRO_NS] Inserted 375 rows (duplicates ignored)
2026-05-26 01:31:37,422 - INFO - Inserted 375 rows for WIPRO.NS
2026-05-26 01:31:37,591 - INFO - [POWERGRID_NS] Inserted 375 rows (duplicates ignored)
2026-05-26 01:31:37,591 - INFO - Inserted 375 rows for POWERGRID.NS
2026-05-26 01:31:37,757 - INFO - [NTPC_NS] Inserted 375 rows (duplicates ignored)
2026-05-26 01:31:37,758 - INFO - Inserted 375 rows for NTPC.NS
2026-05-26 01:31:37,918 - INFO - [ONGC_NS] Inserted 375 rows (duplicates ignored)
2026-05-26 01:31:37,918 - INFO - Inserted 375 rows for ONGC.NS
2026-05-26 01:31:37,932 - INFO - Cycle complete. README updated.
2026-05-26 05:48:55,595 - INFO - Starting data fetch cycle...
2026-05-26 05:48:56,223 - INFO - [RELIANCE_NS] Inserted 124 rows (duplicates ignored)
2026-05-26 05:48:56,223 - INFO - Inserted 124 rows for RELIANCE.NS
2026-05-26 05:48:56,538 - INFO - [HDFCBANK_NS] Inserted 124 rows (duplicates ignored)
2026-05-26 05:48:56,538 - INFO - Inserted 124 rows for HDFCBANK.NS
2026-05-26 05:48:56,819 - INFO - [ICICIBANK_NS] Inserted 124 rows (duplicates ignored)
2026-05-26 05:48:56,820 - INFO - Inserted 124 rows for ICICIBANK.NS
2026-05-26 05:48:57,058 - INFO - [INFY_NS] Inserted 124 rows (duplicates ignored)
2026-05-26 05:48:57,058 - INFO - Inserted 124 rows for INFY.NS
2026-05-26 05:48:57,288 - INFO - [TCS_NS] Inserted 124 rows (duplicates ignored)
2026-05-26 05:48:57,288 - INFO - Inserted 124 rows for TCS.NS
2026-05-26 05:48:57,588 - INFO - [ITC_NS] Inserted 124 rows (duplicates ignored)
2026-05-26 05:48:57,588 - INFO - Inserted 124 rows for ITC.NS
2026-05-26 05:48:57,810 - INFO - [HINDUNILVR_NS] Inserted 124 rows (duplicates ignored)
2026-05-26 05:48:57,810 - INFO - Inserted 124 rows for HINDUNILVR.NS
2026-05-26 05:48:58,114 - INFO - [SBIN_NS] Inserted 124 rows (duplicates ignored)
2026-05-26 05:48:58,114 - INFO - Inserted 124 rows for SBIN.NS
2026-05-26 05:48:58,402 - INFO - [BHARTIARTL_NS] Inserted 124 rows (duplicates ignored)
2026-05-26 05:48:58,402 - INFO - Inserted 124 rows for BHARTIARTL.NS
2026-05-26 05:48:58,640 - INFO - [KOTAKBANK_NS] Inserted 124 rows (duplicates ignored)
2026-05-26 05:48:58,640 - INFO - Inserted 124 rows for KOTAKBANK.NS
2026-05-26 05:48:58,878 - INFO - [LT_NS] Inserted 124 rows (duplicates ignored)
2026-05-26 05:48:58,878 - INFO - Inserted 124 rows for LT.NS
2026-05-26 05:48:59,135 - INFO - [AXISBANK_NS] Inserted 124 rows (duplicates ignored)
2026-05-26 05:48:59,135 - INFO - Inserted 124 rows for AXISBANK.NS
2026-05-26 05:48:59,367 - INFO - [BAJFINANCE_NS] Inserted 124 rows (duplicates ignored)
2026-05-26 05:48:59,367 - INFO - Inserted 124 rows for BAJFINANCE.NS
2026-05-26 05:48:59,598 - INFO - [ASIANPAINT_NS] Inserted 124 rows (duplicates ignored)
2026-05-26 05:48:59,598 - INFO - Inserted 124 rows for ASIANPAINT.NS
2026-05-26 05:48:59,830 - INFO - [MARUTI_NS] Inserted 124 rows (duplicates ignored)
2026-05-26 05:48:59,830 - INFO - Inserted 124 rows for MARUTI.NS
2026-05-26 05:49:00,067 - INFO - [SUNPHARMA_NS] Inserted 124 rows (duplicates ignored)
2026-05-26 05:49:00,067 - INFO - Inserted 124 rows for SUNPHARMA.NS
2026-05-26 05:49:00,296 - INFO - [WIPRO_NS] Inserted 124 rows (duplicates ignored)
2026-05-26 05:49:00,296 - INFO - Inserted 124 rows for WIPRO.NS
2026-05-26 05:49:00,516 - INFO - [POWERGRID_NS] Inserted 124 rows (duplicates ignored)
2026-05-26 05:49:00,516 - INFO - Inserted 124 rows for POWERGRID.NS
2026-05-26 05:49:00,748 - INFO - [NTPC_NS] Inserted 124 rows (duplicates ignored)
2026-05-26 05:49:00,748 - INFO - Inserted 124 rows for NTPC.NS
2026-05-26 05:49:00,979 - INFO - [ONGC_NS] Inserted 124 rows (duplicates ignored)
2026-05-26 05:49:00,979 - INFO - Inserted 124 rows for ONGC.NS
2026-05-26 05:49:00,996 - INFO - Cycle complete. README updated.
2026-05-26 23:42:31,775 - INFO - Starting data fetch cycle...
2026-05-26 23:42:32,501 - INFO - [RELIANCE_NS] Inserted 375 rows (duplicates ignored)
2026-05-26 23:42:32,501 - INFO - Inserted 375 rows for RELIANCE.NS
2026-05-26 23:42:32,820 - INFO - [HDFCBANK_NS] Inserted 375 rows (duplicates ignored)
2026-05-26 23:42:32,820 - INFO - Inserted 375 rows for HDFCBANK.NS
2026-05-26 23:42:33,166 - INFO - [ICICIBANK_NS] Inserted 375 rows (duplicates ignored)
2026-05-26 23:42:33,166 - INFO - Inserted 375 rows for ICICIBANK.NS
2026-05-26 23:42:33,500 - INFO - [INFY_NS] Inserted 375 rows (duplicates ignored)
2026-05-26 23:42:33,500 - INFO - Inserted 375 rows for INFY.NS
2026-05-26 23:42:33,882 - INFO - [TCS_NS] Inserted 375 rows (duplicates ignored)
2026-05-26 23:42:33,882 - INFO - Inserted 375 rows for TCS.NS
2026-05-26 23:42:34,215 - INFO - [ITC_NS] Inserted 375 rows (duplicates ignored)
2026-05-26 23:42:34,215 - INFO - Inserted 375 rows for ITC.NS
2026-05-26 23:42:34,573 - INFO - [HINDUNILVR_NS] Inserted 375 rows (duplicates ignored)
2026-05-26 23:42:34,573 - INFO - Inserted 375 rows for HINDUNILVR.NS
2026-05-26 23:42:34,884 - INFO - [SBIN_NS] Inserted 375 rows (duplicates ignored)
2026-05-26 23:42:34,884 - INFO - Inserted 375 rows for SBIN.NS
2026-05-26 23:42:35,220 - INFO - [BHARTIARTL_NS] Inserted 375 rows (duplicates ignored)
2026-05-26 23:42:35,220 - INFO - Inserted 375 rows for BHARTIARTL.NS
2026-05-26 23:42:35,521 - INFO - [KOTAKBANK_NS] Inserted 375 rows (duplicates ignored)
2026-05-26 23:42:35,521 - INFO - Inserted 375 rows for KOTAKBANK.NS
2026-05-26 23:42:35,850 - INFO - [LT_NS] Inserted 375 rows (duplicates ignored)
2026-05-26 23:42:35,850 - INFO - Inserted 375 rows for LT.NS
2026-05-26 23:42:36,198 - INFO - [AXISBANK_NS] Inserted 375 rows (duplicates ignored)
2026-05-26 23:42:36,199 - INFO - Inserted 375 rows for AXISBANK.NS
2026-05-26 23:42:36,516 - INFO - [BAJFINANCE_NS] Inserted 375 rows (duplicates ignored)
2026-05-26 23:42:36,516 - INFO - Inserted 375 rows for BAJFINANCE.NS
2026-05-26 23:42:36,833 - INFO - [ASIANPAINT_NS] Inserted 375 rows (duplicates ignored)
2026-05-26 23:42:36,833 - INFO - Inserted 375 rows for ASIANPAINT.NS
2026-05-26 23:42:37,142 - INFO - [MARUTI_NS] Inserted 375 rows (duplicates ignored)
2026-05-26 23:42:37,142 - INFO - Inserted 375 rows for MARUTI.NS
2026-05-26 23:42:37,492 - INFO - [SUNPHARMA_NS] Inserted 375 rows (duplicates ignored)
2026-05-26 23:42:37,492 - INFO - Inserted 375 rows for SUNPHARMA.NS
2026-05-26 23:42:37,834 - INFO - [WIPRO_NS] Inserted 375 rows (duplicates ignored)
2026-05-26 23:42:37,834 - INFO - Inserted 375 rows for WIPRO.NS
2026-05-26 23:42:38,201 - INFO - [POWERGRID_NS] Inserted 375 rows (duplicates ignored)
2026-05-26 23:42:38,201 - INFO - Inserted 375 rows for POWERGRID.NS
2026-05-26 23:42:38,528 - INFO - [NTPC_NS] Inserted 375 rows (duplicates ignored)
2026-05-26 23:42:38,528 - INFO - Inserted 375 rows for NTPC.NS
2026-05-26 23:42:38,826 - INFO - [ONGC_NS] Inserted 375 rows (duplicates ignored)
2026-05-26 23:42:38,826 - INFO - Inserted 375 rows for ONGC.NS
2026-05-26 23:42:38,838 - INFO - Cycle complete. README updated.
2026-05-27 01:54:06,393 - INFO - Starting data fetch cycle...
2026-05-27 01:54:06,698 - INFO - [RELIANCE_NS] Inserted 375 rows (duplicates ignored)
2026-05-27 01:54:06,698 - INFO - Inserted 375 rows for RELIANCE.NS
2026-05-27 01:54:06,835 - INFO - [HDFCBANK_NS] Inserted 375 rows (duplicates ignored)
2026-05-27 01:54:06,835 - INFO - Inserted 375 rows for HDFCBANK.NS
2026-05-27 01:54:06,983 - INFO - [ICICIBANK_NS] Inserted 375 rows (duplicates ignored)
2026-05-27 01:54:06,983 - INFO - Inserted 375 rows for ICICIBANK.NS
2026-05-27 01:54:07,219 - INFO - [INFY_NS] Inserted 375 rows (duplicates ignored)
2026-05-27 01:54:07,219 - INFO - Inserted 375 rows for INFY.NS
2026-05-27 01:54:07,488 - INFO - [TCS_NS] Inserted 375 rows (duplicates ignored)
2026-05-27 01:54:07,489 - INFO - Inserted 375 rows for TCS.NS
2026-05-27 01:54:07,833 - INFO - [ITC_NS] Inserted 375 rows (duplicates ignored)
2026-05-27 01:54:07,833 - INFO - Inserted 375 rows for ITC.NS
2026-05-27 01:54:08,033 - INFO - [HINDUNILVR_NS] Inserted 375 rows (duplicates ignored)
2026-05-27 01:54:08,034 - INFO - Inserted 375 rows for HINDUNILVR.NS
2026-05-27 01:54:08,262 - INFO - [SBIN_NS] Inserted 375 rows (duplicates ignored)
2026-05-27 01:54:08,262 - INFO - Inserted 375 rows for SBIN.NS
2026-05-27 01:54:08,401 - INFO - [BHARTIARTL_NS] Inserted 375 rows (duplicates ignored)
2026-05-27 01:54:08,402 - INFO - Inserted 375 rows for BHARTIARTL.NS
2026-05-27 01:54:08,647 - INFO - [KOTAKBANK_NS] Inserted 375 rows (duplicates ignored)
2026-05-27 01:54:08,647 - INFO - Inserted 375 rows for KOTAKBANK.NS
2026-05-27 01:54:08,928 - INFO - [LT_NS] Inserted 375 rows (duplicates ignored)
2026-05-27 01:54:08,929 - INFO - Inserted 375 rows for LT.NS
2026-05-27 01:54:09,178 - INFO - [AXISBANK_NS] Inserted 375 rows (duplicates ignored)
2026-05-27 01:54:09,178 - INFO - Inserted 375 rows for AXISBANK.NS
2026-05-27 01:54:09,385 - INFO - [BAJFINANCE_NS] Inserted 375 rows (duplicates ignored)
2026-05-27 01:54:09,385 - INFO - Inserted 375 rows for BAJFINANCE.NS
2026-05-27 01:54:09,584 - INFO - [ASIANPAINT_NS] Inserted 375 rows (duplicates ignored)
2026-05-27 01:54:09,585 - INFO - Inserted 375 rows for ASIANPAINT.NS
2026-05-27 01:54:09,760 - INFO - [MARUTI_NS] Inserted 375 rows (duplicates ignored)
2026-05-27 01:54:09,760 - INFO - Inserted 375 rows for MARUTI.NS
2026-05-27 01:54:10,001 - INFO - [SUNPHARMA_NS] Inserted 375 rows (duplicates ignored)
2026-05-27 01:54:10,001 - INFO - Inserted 375 rows for SUNPHARMA.NS
2026-05-27 01:54:10,259 - INFO - [WIPRO_NS] Inserted 375 rows (duplicates ignored)
2026-05-27 01:54:10,260 - INFO - Inserted 375 rows for WIPRO.NS
2026-05-27 01:54:10,430 - INFO - [POWERGRID_NS] Inserted 375 rows (duplicates ignored)
2026-05-27 01:54:10,430 - INFO - Inserted 375 rows for POWERGRID.NS
2026-05-27 01:54:10,590 - INFO - [NTPC_NS] Inserted 375 rows (duplicates ignored)
2026-05-27 01:54:10,590 - INFO - Inserted 375 rows for NTPC.NS
2026-05-27 01:54:10,843 - INFO - [ONGC_NS] Inserted 375 rows (duplicates ignored)
2026-05-27 01:54:10,843 - INFO - Inserted 375 rows for ONGC.NS
2026-05-27 01:54:10,858 - INFO - Cycle complete. README updated.
2026-05-27 06:22:01,924 - INFO - Starting data fetch cycle...
2026-05-27 06:22:02,604 - INFO - [RELIANCE_NS] Inserted 157 rows (duplicates ignored)
2026-05-27 06:22:02,604 - INFO - Inserted 157 rows for RELIANCE.NS
2026-05-27 06:22:02,837 - INFO - [HDFCBANK_NS] Inserted 158 rows (duplicates ignored)
2026-05-27 06:22:02,837 - INFO - Inserted 158 rows for HDFCBANK.NS
2026-05-27 06:22:03,063 - INFO - [ICICIBANK_NS] Inserted 157 rows (duplicates ignored)
2026-05-27 06:22:03,064 - INFO - Inserted 157 rows for ICICIBANK.NS
2026-05-27 06:22:03,304 - INFO - [INFY_NS] Inserted 158 rows (duplicates ignored)
2026-05-27 06:22:03,304 - INFO - Inserted 158 rows for INFY.NS
2026-05-27 06:22:03,531 - INFO - [TCS_NS] Inserted 157 rows (duplicates ignored)
2026-05-27 06:22:03,532 - INFO - Inserted 157 rows for TCS.NS
2026-05-27 06:22:03,766 - INFO - [ITC_NS] Inserted 158 rows (duplicates ignored)
2026-05-27 06:22:03,766 - INFO - Inserted 158 rows for ITC.NS
2026-05-27 06:22:04,015 - INFO - [HINDUNILVR_NS] Inserted 158 rows (duplicates ignored)
2026-05-27 06:22:04,015 - INFO - Inserted 158 rows for HINDUNILVR.NS
2026-05-27 06:22:04,264 - INFO - [SBIN_NS] Inserted 158 rows (duplicates ignored)
2026-05-27 06:22:04,264 - INFO - Inserted 158 rows for SBIN.NS
2026-05-27 06:22:04,482 - INFO - [BHARTIARTL_NS] Inserted 158 rows (duplicates ignored)
2026-05-27 06:22:04,482 - INFO - Inserted 158 rows for BHARTIARTL.NS
2026-05-27 06:22:04,713 - INFO - [KOTAKBANK_NS] Inserted 158 rows (duplicates ignored)
2026-05-27 06:22:04,713 - INFO - Inserted 158 rows for KOTAKBANK.NS
2026-05-27 06:22:04,941 - INFO - [LT_NS] Inserted 158 rows (duplicates ignored)
2026-05-27 06:22:04,941 - INFO - Inserted 158 rows for LT.NS
2026-05-27 06:22:05,161 - INFO - [AXISBANK_NS] Inserted 158 rows (duplicates ignored)
2026-05-27 06:22:05,161 - INFO - Inserted 158 rows for AXISBANK.NS
2026-05-27 06:22:05,378 - INFO - [BAJFINANCE_NS] Inserted 158 rows (duplicates ignored)
2026-05-27 06:22:05,378 - INFO - Inserted 158 rows for BAJFINANCE.NS
2026-05-27 06:22:05,675 - INFO - [ASIANPAINT_NS] Inserted 158 rows (duplicates ignored)
2026-05-27 06:22:05,675 - INFO - Inserted 158 rows for ASIANPAINT.NS
2026-05-27 06:22:05,900 - INFO - [MARUTI_NS] Inserted 158 rows (duplicates ignored)
2026-05-27 06:22:05,900 - INFO - Inserted 158 rows for MARUTI.NS
2026-05-27 06:22:06,128 - INFO - [SUNPHARMA_NS] Inserted 158 rows (duplicates ignored)
2026-05-27 06:22:06,128 - INFO - Inserted 158 rows for SUNPHARMA.NS
2026-05-27 06:22:06,368 - INFO - [WIPRO_NS] Inserted 158 rows (duplicates ignored)
2026-05-27 06:22:06,368 - INFO - Inserted 158 rows for WIPRO.NS
2026-05-27 06:22:06,593 - INFO - [POWERGRID_NS] Inserted 158 rows (duplicates ignored)
2026-05-27 06:22:06,593 - INFO - Inserted 158 rows for POWERGRID.NS
2026-05-27 06:22:06,813 - INFO - [NTPC_NS] Inserted 158 rows (duplicates ignored)
2026-05-27 06:22:06,813 - INFO - Inserted 158 rows for NTPC.NS
2026-05-27 06:22:07,038 - INFO - [ONGC_NS] Inserted 158 rows (duplicates ignored)
2026-05-27 06:22:07,039 - INFO - Inserted 158 rows for ONGC.NS
2026-05-27 06:22:07,050 - INFO - Cycle complete. README updated.
2026-05-27 23:45:44,166 - INFO - Starting data fetch cycle...
2026-05-27 23:45:44,808 - INFO - [RELIANCE_NS] Inserted 375 rows (duplicates ignored)
2026-05-27 23:45:44,808 - INFO - Inserted 375 rows for RELIANCE.NS
2026-05-27 23:45:45,189 - INFO - [HDFCBANK_NS] Inserted 375 rows (duplicates ignored)
2026-05-27 23:45:45,189 - INFO - Inserted 375 rows for HDFCBANK.NS
2026-05-27 23:45:45,543 - INFO - [ICICIBANK_NS] Inserted 375 rows (duplicates ignored)
2026-05-27 23:45:45,543 - INFO - Inserted 375 rows for ICICIBANK.NS
2026-05-27 23:45:45,770 - INFO - [INFY_NS] Inserted 375 rows (duplicates ignored)
2026-05-27 23:45:45,770 - INFO - Inserted 375 rows for INFY.NS
2026-05-27 23:45:45,954 - INFO - [TCS_NS] Inserted 375 rows (duplicates ignored)
2026-05-27 23:45:45,954 - INFO - Inserted 375 rows for TCS.NS
2026-05-27 23:45:46,520 - INFO - [ITC_NS] Inserted 375 rows (duplicates ignored)
2026-05-27 23:45:46,520 - INFO - Inserted 375 rows for ITC.NS
2026-05-27 23:45:46,787 - INFO - [HINDUNILVR_NS] Inserted 375 rows (duplicates ignored)
2026-05-27 23:45:46,787 - INFO - Inserted 375 rows for HINDUNILVR.NS
2026-05-27 23:45:47,034 - INFO - [SBIN_NS] Inserted 375 rows (duplicates ignored)
2026-05-27 23:45:47,034 - INFO - Inserted 375 rows for SBIN.NS
2026-05-27 23:45:47,239 - INFO - [BHARTIARTL_NS] Inserted 375 rows (duplicates ignored)
2026-05-27 23:45:47,239 - INFO - Inserted 375 rows for BHARTIARTL.NS
2026-05-27 23:45:47,392 - INFO - [KOTAKBANK_NS] Inserted 375 rows (duplicates ignored)
2026-05-27 23:45:47,392 - INFO - Inserted 375 rows for KOTAKBANK.NS
2026-05-27 23:45:47,666 - INFO - [LT_NS] Inserted 375 rows (duplicates ignored)
2026-05-27 23:45:47,666 - INFO - Inserted 375 rows for LT.NS
2026-05-27 23:45:47,831 - INFO - [AXISBANK_NS] Inserted 375 rows (duplicates ignored)
2026-05-27 23:45:47,832 - INFO - Inserted 375 rows for AXISBANK.NS
2026-05-27 23:45:48,167 - INFO - [BAJFINANCE_NS] Inserted 375 rows (duplicates ignored)
2026-05-27 23:45:48,168 - INFO - Inserted 375 rows for BAJFINANCE.NS
2026-05-27 23:45:48,350 - INFO - [ASIANPAINT_NS] Inserted 375 rows (duplicates ignored)
2026-05-27 23:45:48,350 - INFO - Inserted 375 rows for ASIANPAINT.NS
2026-05-27 23:45:48,473 - INFO - [MARUTI_NS] Inserted 375 rows (duplicates ignored)
2026-05-27 23:45:48,473 - INFO - Inserted 375 rows for MARUTI.NS
2026-05-27 23:45:48,702 - INFO - [SUNPHARMA_NS] Inserted 375 rows (duplicates ignored)
2026-05-27 23:45:48,703 - INFO - Inserted 375 rows for SUNPHARMA.NS
2026-05-27 23:45:48,856 - INFO - [WIPRO_NS] Inserted 375 rows (duplicates ignored)
2026-05-27 23:45:48,856 - INFO - Inserted 375 rows for WIPRO.NS
2026-05-27 23:45:49,007 - INFO - [POWERGRID_NS] Inserted 375 rows (duplicates ignored)
2026-05-27 23:45:49,008 - INFO - Inserted 375 rows for POWERGRID.NS
2026-05-27 23:45:49,234 - INFO - [NTPC_NS] Inserted 375 rows (duplicates ignored)
2026-05-27 23:45:49,234 - INFO - Inserted 375 rows for NTPC.NS
2026-05-27 23:45:49,441 - INFO - [ONGC_NS] Inserted 375 rows (duplicates ignored)
2026-05-27 23:45:49,441 - INFO - Inserted 375 rows for ONGC.NS
2026-05-27 23:45:49,450 - INFO - Cycle complete. README updated.
2026-05-28 01:27:50,814 - INFO - Starting data fetch cycle...
2026-05-28 01:27:51,144 - INFO - [RELIANCE_NS] Inserted 375 rows (duplicates ignored)
2026-05-28 01:27:51,144 - INFO - Inserted 375 rows for RELIANCE.NS
2026-05-28 01:27:51,288 - INFO - [HDFCBANK_NS] Inserted 375 rows (duplicates ignored)
2026-05-28 01:27:51,288 - INFO - Inserted 375 rows for HDFCBANK.NS
2026-05-28 01:27:51,462 - INFO - [ICICIBANK_NS] Inserted 375 rows (duplicates ignored)
2026-05-28 01:27:51,462 - INFO - Inserted 375 rows for ICICIBANK.NS
2026-05-28 01:27:51,654 - INFO - [INFY_NS] Inserted 375 rows (duplicates ignored)
2026-05-28 01:27:51,654 - INFO - Inserted 375 rows for INFY.NS
2026-05-28 01:27:51,788 - INFO - [TCS_NS] Inserted 375 rows (duplicates ignored)
2026-05-28 01:27:51,788 - INFO - Inserted 375 rows for TCS.NS
2026-05-28 01:27:51,944 - INFO - [ITC_NS] Inserted 375 rows (duplicates ignored)
2026-05-28 01:27:51,944 - INFO - Inserted 375 rows for ITC.NS
2026-05-28 01:27:52,093 - INFO - [HINDUNILVR_NS] Inserted 375 rows (duplicates ignored)
2026-05-28 01:27:52,093 - INFO - Inserted 375 rows for HINDUNILVR.NS
2026-05-28 01:27:52,256 - INFO - [SBIN_NS] Inserted 375 rows (duplicates ignored)
2026-05-28 01:27:52,257 - INFO - Inserted 375 rows for SBIN.NS
2026-05-28 01:27:52,384 - INFO - [BHARTIARTL_NS] Inserted 375 rows (duplicates ignored)
2026-05-28 01:27:52,384 - INFO - Inserted 375 rows for BHARTIARTL.NS
2026-05-28 01:27:52,520 - INFO - [KOTAKBANK_NS] Inserted 375 rows (duplicates ignored)
2026-05-28 01:27:52,521 - INFO - Inserted 375 rows for KOTAKBANK.NS
2026-05-28 01:27:52,687 - INFO - [LT_NS] Inserted 375 rows (duplicates ignored)
2026-05-28 01:27:52,687 - INFO - Inserted 375 rows for LT.NS
2026-05-28 01:27:52,860 - INFO - [AXISBANK_NS] Inserted 375 rows (duplicates ignored)
2026-05-28 01:27:52,861 - INFO - Inserted 375 rows for AXISBANK.NS
2026-05-28 01:27:52,995 - INFO - [BAJFINANCE_NS] Inserted 375 rows (duplicates ignored)
2026-05-28 01:27:52,995 - INFO - Inserted 375 rows for BAJFINANCE.NS
2026-05-28 01:27:53,138 - INFO - [ASIANPAINT_NS] Inserted 375 rows (duplicates ignored)
2026-05-28 01:27:53,139 - INFO - Inserted 375 rows for ASIANPAINT.NS
2026-05-28 01:27:53,284 - INFO - [MARUTI_NS] Inserted 375 rows (duplicates ignored)
2026-05-28 01:27:53,284 - INFO - Inserted 375 rows for MARUTI.NS
2026-05-28 01:27:53,440 - INFO - [SUNPHARMA_NS] Inserted 375 rows (duplicates ignored)
2026-05-28 01:27:53,441 - INFO - Inserted 375 rows for SUNPHARMA.NS
2026-05-28 01:27:53,594 - INFO - [WIPRO_NS] Inserted 375 rows (duplicates ignored)
2026-05-28 01:27:53,594 - INFO - Inserted 375 rows for WIPRO.NS
2026-05-28 01:27:53,730 - INFO - [POWERGRID_NS] Inserted 375 rows (duplicates ignored)
2026-05-28 01:27:53,731 - INFO - Inserted 375 rows for POWERGRID.NS
2026-05-28 01:27:53,866 - INFO - [NTPC_NS] Inserted 375 rows (duplicates ignored)
2026-05-28 01:27:53,866 - INFO - Inserted 375 rows for NTPC.NS
2026-05-28 01:27:54,021 - INFO - [ONGC_NS] Inserted 375 rows (duplicates ignored)
2026-05-28 01:27:54,022 - INFO - Inserted 375 rows for ONGC.NS
2026-05-28 01:27:54,033 - INFO - Cycle complete. README updated.
2026-05-28 05:53:42,563 - INFO - Starting data fetch cycle...
2026-05-28 05:53:42,882 - WARNING - No data returned for RELIANCE.NS
2026-05-28 05:53:42,882 - WARNING - No data to insert for RELIANCE.NS
2026-05-28 05:53:43,007 - WARNING - No data returned for HDFCBANK.NS
2026-05-28 05:53:43,007 - WARNING - No data to insert for HDFCBANK.NS
2026-05-28 05:53:43,141 - WARNING - No data returned for ICICIBANK.NS
2026-05-28 05:53:43,142 - WARNING - No data to insert for ICICIBANK.NS
2026-05-28 05:53:43,266 - WARNING - No data returned for INFY.NS
2026-05-28 05:53:43,266 - WARNING - No data to insert for INFY.NS
2026-05-28 05:53:43,391 - WARNING - No data returned for TCS.NS
2026-05-28 05:53:43,392 - WARNING - No data to insert for TCS.NS
2026-05-28 05:53:43,516 - WARNING - No data returned for ITC.NS
2026-05-28 05:53:43,516 - WARNING - No data to insert for ITC.NS
2026-05-28 05:53:43,640 - WARNING - No data returned for HINDUNILVR.NS
2026-05-28 05:53:43,640 - WARNING - No data to insert for HINDUNILVR.NS
2026-05-28 05:53:43,775 - WARNING - No data returned for SBIN.NS
2026-05-28 05:53:43,775 - WARNING - No data to insert for SBIN.NS
2026-05-28 05:53:43,890 - WARNING - No data returned for BHARTIARTL.NS
2026-05-28 05:53:43,890 - WARNING - No data to insert for BHARTIARTL.NS
2026-05-28 05:53:44,015 - WARNING - No data returned for KOTAKBANK.NS
2026-05-28 05:53:44,015 - WARNING - No data to insert for KOTAKBANK.NS
2026-05-28 05:53:44,150 - WARNING - No data returned for LT.NS
2026-05-28 05:53:44,150 - WARNING - No data to insert for LT.NS
2026-05-28 05:53:44,275 - WARNING - No data returned for AXISBANK.NS
2026-05-28 05:53:44,275 - WARNING - No data to insert for AXISBANK.NS
2026-05-28 05:53:44,400 - WARNING - No data returned for BAJFINANCE.NS
2026-05-28 05:53:44,400 - WARNING - No data to insert for BAJFINANCE.NS
2026-05-28 05:53:44,525 - WARNING - No data returned for ASIANPAINT.NS
2026-05-28 05:53:44,525 - WARNING - No data to insert for ASIANPAINT.NS
2026-05-28 05:53:44,680 - WARNING - No data returned for MARUTI.NS
2026-05-28 05:53:44,680 - WARNING - No data to insert for MARUTI.NS
2026-05-28 05:53:44,805 - WARNING - No data returned for SUNPHARMA.NS
2026-05-28 05:53:44,805 - WARNING - No data to insert for SUNPHARMA.NS
2026-05-28 05:53:45,011 - WARNING - No data returned for WIPRO.NS
2026-05-28 05:53:45,011 - WARNING - No data to insert for WIPRO.NS
2026-05-28 05:53:45,126 - WARNING - No data returned for POWERGRID.NS
2026-05-28 05:53:45,126 - WARNING - No data to insert for POWERGRID.NS
2026-05-28 05:53:45,241 - WARNING - No data returned for NTPC.NS
2026-05-28 05:53:45,241 - WARNING - No data to insert for NTPC.NS
2026-05-28 05:53:45,376 - WARNING - No data returned for ONGC.NS
2026-05-28 05:53:45,376 - WARNING - No data to insert for ONGC.NS
2026-05-28 05:53:45,388 - INFO - Cycle complete. README updated.
2026-05-28 23:50:56,752 - INFO - Starting data fetch cycle...
2026-05-28 23:50:57,654 - WARNING - No data returned for RELIANCE.NS
2026-05-28 23:50:57,654 - WARNING - No data to insert for RELIANCE.NS
2026-05-28 23:50:58,000 - WARNING - No data returned for HDFCBANK.NS
2026-05-28 23:50:58,000 - WARNING - No data to insert for HDFCBANK.NS
2026-05-28 23:50:58,397 - WARNING - No data returned for ICICIBANK.NS
2026-05-28 23:50:58,397 - WARNING - No data to insert for ICICIBANK.NS
2026-05-28 23:50:58,673 - WARNING - No data returned for INFY.NS
2026-05-28 23:50:58,673 - WARNING - No data to insert for INFY.NS
2026-05-28 23:50:59,000 - WARNING - No data returned for TCS.NS
2026-05-28 23:50:59,001 - WARNING - No data to insert for TCS.NS
2026-05-28 23:50:59,327 - WARNING - No data returned for ITC.NS
2026-05-28 23:50:59,327 - WARNING - No data to insert for ITC.NS
2026-05-28 23:50:59,654 - WARNING - No data returned for HINDUNILVR.NS
2026-05-28 23:50:59,654 - WARNING - No data to insert for HINDUNILVR.NS
2026-05-28 23:51:00,011 - WARNING - No data returned for SBIN.NS
2026-05-28 23:51:00,011 - WARNING - No data to insert for SBIN.NS
2026-05-28 23:51:00,317 - WARNING - No data returned for BHARTIARTL.NS
2026-05-28 23:51:00,317 - WARNING - No data to insert for BHARTIARTL.NS
2026-05-28 23:51:00,603 - WARNING - No data returned for KOTAKBANK.NS
2026-05-28 23:51:00,603 - WARNING - No data to insert for KOTAKBANK.NS
2026-05-28 23:51:00,889 - WARNING - No data returned for LT.NS
2026-05-28 23:51:00,889 - WARNING - No data to insert for LT.NS
2026-05-28 23:51:01,154 - WARNING - No data returned for AXISBANK.NS
2026-05-28 23:51:01,154 - WARNING - No data to insert for AXISBANK.NS
2026-05-28 23:51:01,562 - WARNING - No data returned for BAJFINANCE.NS
2026-05-28 23:51:01,562 - WARNING - No data to insert for BAJFINANCE.NS
2026-05-28 23:51:01,939 - WARNING - No data returned for ASIANPAINT.NS
2026-05-28 23:51:01,939 - WARNING - No data to insert for ASIANPAINT.NS
2026-05-28 23:51:02,235 - WARNING - No data returned for MARUTI.NS
2026-05-28 23:51:02,235 - WARNING - No data to insert for MARUTI.NS
2026-05-28 23:51:02,602 - WARNING - No data returned for SUNPHARMA.NS
2026-05-28 23:51:02,602 - WARNING - No data to insert for SUNPHARMA.NS
2026-05-28 23:51:02,898 - WARNING - No data returned for WIPRO.NS
2026-05-28 23:51:02,898 - WARNING - No data to insert for WIPRO.NS
2026-05-28 23:51:03,183 - WARNING - No data returned for POWERGRID.NS
2026-05-28 23:51:03,183 - WARNING - No data to insert for POWERGRID.NS
2026-05-28 23:51:03,570 - WARNING - No data returned for NTPC.NS
2026-05-28 23:51:03,570 - WARNING - No data to insert for NTPC.NS
2026-05-28 23:51:03,927 - WARNING - No data returned for ONGC.NS
2026-05-28 23:51:03,927 - WARNING - No data to insert for ONGC.NS
2026-05-28 23:51:03,939 - INFO - Cycle complete. README updated.
2026-05-29 02:31:07,203 - INFO - Starting data fetch cycle...
2026-05-29 02:31:07,512 - WARNING - No data returned for RELIANCE.NS
2026-05-29 02:31:07,512 - WARNING - No data to insert for RELIANCE.NS
2026-05-29 02:31:07,636 - WARNING - No data returned for HDFCBANK.NS
2026-05-29 02:31:07,636 - WARNING - No data to insert for HDFCBANK.NS
2026-05-29 02:31:07,750 - WARNING - No data returned for ICICIBANK.NS
2026-05-29 02:31:07,750 - WARNING - No data to insert for ICICIBANK.NS
2026-05-29 02:31:07,885 - WARNING - No data returned for INFY.NS
2026-05-29 02:31:07,885 - WARNING - No data to insert for INFY.NS
2026-05-29 02:31:08,070 - WARNING - No data returned for TCS.NS
2026-05-29 02:31:08,070 - WARNING - No data to insert for TCS.NS
2026-05-29 02:31:08,205 - WARNING - No data returned for ITC.NS
2026-05-29 02:31:08,205 - WARNING - No data to insert for ITC.NS
2026-05-29 02:31:08,329 - WARNING - No data returned for HINDUNILVR.NS
2026-05-29 02:31:08,329 - WARNING - No data to insert for HINDUNILVR.NS
2026-05-29 02:31:08,474 - WARNING - No data returned for SBIN.NS
2026-05-29 02:31:08,474 - WARNING - No data to insert for SBIN.NS
2026-05-29 02:31:08,588 - WARNING - No data returned for BHARTIARTL.NS
2026-05-29 02:31:08,589 - WARNING - No data to insert for BHARTIARTL.NS
2026-05-29 02:31:08,723 - WARNING - No data returned for KOTAKBANK.NS
2026-05-29 02:31:08,723 - WARNING - No data to insert for KOTAKBANK.NS
2026-05-29 02:31:08,848 - WARNING - No data returned for LT.NS
2026-05-29 02:31:08,848 - WARNING - No data to insert for LT.NS
2026-05-29 02:31:08,974 - WARNING - No data returned for AXISBANK.NS
2026-05-29 02:31:08,974 - WARNING - No data to insert for AXISBANK.NS
2026-05-29 02:31:09,088 - WARNING - No data returned for BAJFINANCE.NS
2026-05-29 02:31:09,088 - WARNING - No data to insert for BAJFINANCE.NS
2026-05-29 02:31:09,233 - WARNING - No data returned for ASIANPAINT.NS
2026-05-29 02:31:09,233 - WARNING - No data to insert for ASIANPAINT.NS
2026-05-29 02:31:09,347 - WARNING - No data returned for MARUTI.NS
2026-05-29 02:31:09,347 - WARNING - No data to insert for MARUTI.NS
2026-05-29 02:31:09,493 - WARNING - No data returned for SUNPHARMA.NS
2026-05-29 02:31:09,493 - WARNING - No data to insert for SUNPHARMA.NS
2026-05-29 02:31:09,658 - WARNING - No data returned for WIPRO.NS
2026-05-29 02:31:09,658 - WARNING - No data to insert for WIPRO.NS
2026-05-29 02:31:09,762 - WARNING - No data returned for POWERGRID.NS
2026-05-29 02:31:09,762 - WARNING - No data to insert for POWERGRID.NS
2026-05-29 02:31:09,938 - WARNING - No data returned for NTPC.NS
2026-05-29 02:31:09,938 - WARNING - No data to insert for NTPC.NS
2026-05-29 02:31:10,072 - WARNING - No data returned for ONGC.NS
2026-05-29 02:31:10,072 - WARNING - No data to insert for ONGC.NS
2026-05-29 02:31:10,084 - INFO - Cycle complete. README updated.
2026-05-29 06:40:42,595 - INFO - Starting data fetch cycle...
2026-05-29 06:40:43,225 - INFO - [RELIANCE_NS] Inserted 176 rows (duplicates ignored)
2026-05-29 06:40:43,225 - INFO - Inserted 176 rows for RELIANCE.NS
2026-05-29 06:40:43,454 - INFO - [HDFCBANK_NS] Inserted 176 rows (duplicates ignored)
2026-05-29 06:40:43,455 - INFO - Inserted 176 rows for HDFCBANK.NS
2026-05-29 06:40:43,681 - INFO - [ICICIBANK_NS] Inserted 176 rows (duplicates ignored)
2026-05-29 06:40:43,681 - INFO - Inserted 176 rows for ICICIBANK.NS
2026-05-29 06:40:43,911 - INFO - [INFY_NS] Inserted 176 rows (duplicates ignored)
2026-05-29 06:40:43,911 - INFO - Inserted 176 rows for INFY.NS
2026-05-29 06:40:44,132 - INFO - [TCS_NS] Inserted 176 rows (duplicates ignored)
2026-05-29 06:40:44,132 - INFO - Inserted 176 rows for TCS.NS
2026-05-29 06:40:44,359 - INFO - [ITC_NS] Inserted 176 rows (duplicates ignored)
2026-05-29 06:40:44,359 - INFO - Inserted 176 rows for ITC.NS
2026-05-29 06:40:44,595 - INFO - [HINDUNILVR_NS] Inserted 176 rows (duplicates ignored)
2026-05-29 06:40:44,595 - INFO - Inserted 176 rows for HINDUNILVR.NS
2026-05-29 06:40:44,825 - INFO - [SBIN_NS] Inserted 176 rows (duplicates ignored)
2026-05-29 06:40:44,825 - INFO - Inserted 176 rows for SBIN.NS
2026-05-29 06:40:45,045 - INFO - [BHARTIARTL_NS] Inserted 176 rows (duplicates ignored)
2026-05-29 06:40:45,045 - INFO - Inserted 176 rows for BHARTIARTL.NS
2026-05-29 06:40:45,267 - INFO - [KOTAKBANK_NS] Inserted 176 rows (duplicates ignored)
2026-05-29 06:40:45,268 - INFO - Inserted 176 rows for KOTAKBANK.NS
2026-05-29 06:40:45,551 - INFO - [LT_NS] Inserted 176 rows (duplicates ignored)
2026-05-29 06:40:45,551 - INFO - Inserted 176 rows for LT.NS
2026-05-29 06:40:45,771 - INFO - [AXISBANK_NS] Inserted 176 rows (duplicates ignored)
2026-05-29 06:40:45,771 - INFO - Inserted 176 rows for AXISBANK.NS
2026-05-29 06:40:45,997 - INFO - [BAJFINANCE_NS] Inserted 176 rows (duplicates ignored)
2026-05-29 06:40:45,997 - INFO - Inserted 176 rows for BAJFINANCE.NS
2026-05-29 06:40:46,230 - INFO - [ASIANPAINT_NS] Inserted 176 rows (duplicates ignored)
2026-05-29 06:40:46,230 - INFO - Inserted 176 rows for ASIANPAINT.NS
2026-05-29 06:40:46,453 - INFO - [MARUTI_NS] Inserted 176 rows (duplicates ignored)
2026-05-29 06:40:46,453 - INFO - Inserted 176 rows for MARUTI.NS
2026-05-29 06:40:46,685 - INFO - [SUNPHARMA_NS] Inserted 176 rows (duplicates ignored)
2026-05-29 06:40:46,685 - INFO - Inserted 176 rows for SUNPHARMA.NS
2026-05-29 06:40:46,922 - INFO - [WIPRO_NS] Inserted 176 rows (duplicates ignored)
2026-05-29 06:40:46,922 - INFO - Inserted 176 rows for WIPRO.NS
2026-05-29 06:40:47,131 - INFO - [POWERGRID_NS] Inserted 176 rows (duplicates ignored)
2026-05-29 06:40:47,131 - INFO - Inserted 176 rows for POWERGRID.NS
2026-05-29 06:40:47,353 - INFO - [NTPC_NS] Inserted 176 rows (duplicates ignored)
2026-05-29 06:40:47,353 - INFO - Inserted 176 rows for NTPC.NS
2026-05-29 06:40:47,587 - INFO - [ONGC_NS] Inserted 176 rows (duplicates ignored)
2026-05-29 06:40:47,588 - INFO - Inserted 176 rows for ONGC.NS
2026-05-29 06:40:47,601 - INFO - Cycle complete. README updated.
2026-05-31 23:39:18,059 - INFO - Starting data fetch cycle...
2026-05-31 23:39:18,236 - WARNING - No data returned for RELIANCE.NS
2026-05-31 23:39:18,236 - WARNING - No data to insert for RELIANCE.NS
2026-05-31 23:39:18,457 - INFO - [HDFCBANK_NS] Inserted 375 rows (duplicates ignored)
2026-05-31 23:39:18,457 - INFO - Inserted 375 rows for HDFCBANK.NS
2026-05-31 23:39:18,601 - INFO - [ICICIBANK_NS] Inserted 375 rows (duplicates ignored)
2026-05-31 23:39:18,601 - INFO - Inserted 375 rows for ICICIBANK.NS
2026-05-31 23:39:18,766 - INFO - [INFY_NS] Inserted 375 rows (duplicates ignored)
2026-05-31 23:39:18,766 - INFO - Inserted 375 rows for INFY.NS
2026-05-31 23:39:18,913 - INFO - [TCS_NS] Inserted 375 rows (duplicates ignored)
2026-05-31 23:39:18,913 - INFO - Inserted 375 rows for TCS.NS
2026-05-31 23:39:19,092 - INFO - [ITC_NS] Inserted 375 rows (duplicates ignored)
2026-05-31 23:39:19,092 - INFO - Inserted 375 rows for ITC.NS
2026-05-31 23:39:19,248 - INFO - [HINDUNILVR_NS] Inserted 375 rows (duplicates ignored)
2026-05-31 23:39:19,248 - INFO - Inserted 375 rows for HINDUNILVR.NS
2026-05-31 23:39:19,434 - INFO - [SBIN_NS] Inserted 375 rows (duplicates ignored)
2026-05-31 23:39:19,435 - INFO - Inserted 375 rows for SBIN.NS
2026-05-31 23:39:19,593 - INFO - [BHARTIARTL_NS] Inserted 375 rows (duplicates ignored)
2026-05-31 23:39:19,593 - INFO - Inserted 375 rows for BHARTIARTL.NS
2026-05-31 23:39:19,768 - INFO - [KOTAKBANK_NS] Inserted 375 rows (duplicates ignored)
2026-05-31 23:39:19,768 - INFO - Inserted 375 rows for KOTAKBANK.NS
2026-05-31 23:39:19,928 - INFO - [LT_NS] Inserted 375 rows (duplicates ignored)
2026-05-31 23:39:19,928 - INFO - Inserted 375 rows for LT.NS
2026-05-31 23:39:20,086 - INFO - [AXISBANK_NS] Inserted 375 rows (duplicates ignored)
2026-05-31 23:39:20,086 - INFO - Inserted 375 rows for AXISBANK.NS
2026-05-31 23:39:20,236 - INFO - [BAJFINANCE_NS] Inserted 375 rows (duplicates ignored)
2026-05-31 23:39:20,237 - INFO - Inserted 375 rows for BAJFINANCE.NS
2026-05-31 23:39:20,396 - INFO - [ASIANPAINT_NS] Inserted 375 rows (duplicates ignored)
2026-05-31 23:39:20,396 - INFO - Inserted 375 rows for ASIANPAINT.NS
2026-05-31 23:39:20,542 - INFO - [MARUTI_NS] Inserted 375 rows (duplicates ignored)
2026-05-31 23:39:20,542 - INFO - Inserted 375 rows for MARUTI.NS
2026-05-31 23:39:20,702 - INFO - [SUNPHARMA_NS] Inserted 375 rows (duplicates ignored)
2026-05-31 23:39:20,702 - INFO - Inserted 375 rows for SUNPHARMA.NS
2026-05-31 23:39:20,884 - INFO - [WIPRO_NS] Inserted 375 rows (duplicates ignored)
2026-05-31 23:39:20,884 - INFO - Inserted 375 rows for WIPRO.NS
2026-05-31 23:39:21,031 - INFO - [POWERGRID_NS] Inserted 375 rows (duplicates ignored)
2026-05-31 23:39:21,031 - INFO - Inserted 375 rows for POWERGRID.NS
2026-05-31 23:39:21,185 - INFO - [NTPC_NS] Inserted 375 rows (duplicates ignored)
2026-05-31 23:39:21,185 - INFO - Inserted 375 rows for NTPC.NS
2026-05-31 23:39:21,361 - INFO - [ONGC_NS] Inserted 375 rows (duplicates ignored)
2026-05-31 23:39:21,361 - INFO - Inserted 375 rows for ONGC.NS
2026-05-31 23:39:21,372 - INFO - Cycle complete. README updated.
2026-06-01 02:01:58,505 - INFO - Starting data fetch cycle...
2026-06-01 02:01:59,230 - INFO - [RELIANCE_NS] Inserted 375 rows (duplicates ignored)
2026-06-01 02:01:59,231 - INFO - Inserted 375 rows for RELIANCE.NS
2026-06-01 02:01:59,579 - INFO - [HDFCBANK_NS] Inserted 375 rows (duplicates ignored)
2026-06-01 02:01:59,579 - INFO - Inserted 375 rows for HDFCBANK.NS
2026-06-01 02:01:59,978 - INFO - [ICICIBANK_NS] Inserted 375 rows (duplicates ignored)
2026-06-01 02:01:59,978 - INFO - Inserted 375 rows for ICICIBANK.NS
2026-06-01 02:02:00,367 - INFO - [INFY_NS] Inserted 375 rows (duplicates ignored)
2026-06-01 02:02:00,367 - INFO - Inserted 375 rows for INFY.NS
2026-06-01 02:02:00,744 - INFO - [TCS_NS] Inserted 375 rows (duplicates ignored)
2026-06-01 02:02:00,744 - INFO - Inserted 375 rows for TCS.NS
2026-06-01 02:02:01,125 - INFO - [ITC_NS] Inserted 375 rows (duplicates ignored)
2026-06-01 02:02:01,125 - INFO - Inserted 375 rows for ITC.NS
2026-06-01 02:02:01,483 - INFO - [HINDUNILVR_NS] Inserted 375 rows (duplicates ignored)
2026-06-01 02:02:01,483 - INFO - Inserted 375 rows for HINDUNILVR.NS
2026-06-01 02:02:01,811 - INFO - [SBIN_NS] Inserted 375 rows (duplicates ignored)
2026-06-01 02:02:01,811 - INFO - Inserted 375 rows for SBIN.NS
2026-06-01 02:02:02,080 - INFO - [BHARTIARTL_NS] Inserted 375 rows (duplicates ignored)
2026-06-01 02:02:02,081 - INFO - Inserted 375 rows for BHARTIARTL.NS
2026-06-01 02:02:02,462 - INFO - [KOTAKBANK_NS] Inserted 375 rows (duplicates ignored)
2026-06-01 02:02:02,463 - INFO - Inserted 375 rows for KOTAKBANK.NS
2026-06-01 02:02:02,829 - INFO - [LT_NS] Inserted 375 rows (duplicates ignored)
2026-06-01 02:02:02,829 - INFO - Inserted 375 rows for LT.NS
2026-06-01 02:02:03,163 - INFO - [AXISBANK_NS] Inserted 375 rows (duplicates ignored)
2026-06-01 02:02:03,164 - INFO - Inserted 375 rows for AXISBANK.NS
2026-06-01 02:02:03,561 - INFO - [BAJFINANCE_NS] Inserted 375 rows (duplicates ignored)
2026-06-01 02:02:03,561 - INFO - Inserted 375 rows for BAJFINANCE.NS
2026-06-01 02:02:03,888 - INFO - [ASIANPAINT_NS] Inserted 375 rows (duplicates ignored)
2026-06-01 02:02:03,888 - INFO - Inserted 375 rows for ASIANPAINT.NS
2026-06-01 02:02:04,259 - INFO - [MARUTI_NS] Inserted 375 rows (duplicates ignored)
2026-06-01 02:02:04,260 - INFO - Inserted 375 rows for MARUTI.NS
2026-06-01 02:02:04,589 - INFO - [SUNPHARMA_NS] Inserted 375 rows (duplicates ignored)
2026-06-01 02:02:04,590 - INFO - Inserted 375 rows for SUNPHARMA.NS
2026-06-01 02:02:04,946 - INFO - [WIPRO_NS] Inserted 375 rows (duplicates ignored)
2026-06-01 02:02:04,946 - INFO - Inserted 375 rows for WIPRO.NS
2026-06-01 02:02:05,285 - INFO - [POWERGRID_NS] Inserted 375 rows (duplicates ignored)
2026-06-01 02:02:05,285 - INFO - Inserted 375 rows for POWERGRID.NS
2026-06-01 02:02:05,582 - INFO - [NTPC_NS] Inserted 375 rows (duplicates ignored)
2026-06-01 02:02:05,582 - INFO - Inserted 375 rows for NTPC.NS
2026-06-01 02:02:05,907 - INFO - [ONGC_NS] Inserted 375 rows (duplicates ignored)
2026-06-01 02:02:05,907 - INFO - Inserted 375 rows for ONGC.NS
2026-06-01 02:02:05,921 - INFO - Cycle complete. README updated.
2026-06-01 07:18:42,887 - INFO - Starting data fetch cycle...
2026-06-01 07:18:43,579 - INFO - [RELIANCE_NS] Inserted 214 rows (duplicates ignored)
2026-06-01 07:18:43,579 - INFO - Inserted 214 rows for RELIANCE.NS
2026-06-01 07:18:43,858 - INFO - [HDFCBANK_NS] Inserted 214 rows (duplicates ignored)
2026-06-01 07:18:43,858 - INFO - Inserted 214 rows for HDFCBANK.NS
2026-06-01 07:18:44,144 - INFO - [ICICIBANK_NS] Inserted 214 rows (duplicates ignored)
2026-06-01 07:18:44,145 - INFO - Inserted 214 rows for ICICIBANK.NS
2026-06-01 07:18:44,405 - INFO - [INFY_NS] Inserted 214 rows (duplicates ignored)
2026-06-01 07:18:44,405 - INFO - Inserted 214 rows for INFY.NS
2026-06-01 07:18:44,758 - INFO - [TCS_NS] Inserted 214 rows (duplicates ignored)
2026-06-01 07:18:44,759 - INFO - Inserted 214 rows for TCS.NS
2026-06-01 07:18:44,988 - INFO - [ITC_NS] Inserted 214 rows (duplicates ignored)
2026-06-01 07:18:44,988 - INFO - Inserted 214 rows for ITC.NS
2026-06-01 07:18:45,329 - INFO - [HINDUNILVR_NS] Inserted 214 rows (duplicates ignored)
2026-06-01 07:18:45,329 - INFO - Inserted 214 rows for HINDUNILVR.NS
2026-06-01 07:18:45,654 - INFO - [SBIN_NS] Inserted 214 rows (duplicates ignored)
2026-06-01 07:18:45,654 - INFO - Inserted 214 rows for SBIN.NS
2026-06-01 07:18:45,834 - INFO - [BHARTIARTL_NS] Inserted 214 rows (duplicates ignored)
2026-06-01 07:18:45,834 - INFO - Inserted 214 rows for BHARTIARTL.NS
2026-06-01 07:18:46,176 - INFO - [KOTAKBANK_NS] Inserted 214 rows (duplicates ignored)
2026-06-01 07:18:46,176 - INFO - Inserted 214 rows for KOTAKBANK.NS
2026-06-01 07:18:46,396 - INFO - [LT_NS] Inserted 214 rows (duplicates ignored)
2026-06-01 07:18:46,396 - INFO - Inserted 214 rows for LT.NS
2026-06-01 07:18:46,709 - INFO - [AXISBANK_NS] Inserted 214 rows (duplicates ignored)
2026-06-01 07:18:46,710 - INFO - Inserted 214 rows for AXISBANK.NS
2026-06-01 07:18:47,083 - INFO - [BAJFINANCE_NS] Inserted 214 rows (duplicates ignored)
2026-06-01 07:18:47,083 - INFO - Inserted 214 rows for BAJFINANCE.NS
2026-06-01 07:18:47,354 - INFO - [ASIANPAINT_NS] Inserted 214 rows (duplicates ignored)
2026-06-01 07:18:47,354 - INFO - Inserted 214 rows for ASIANPAINT.NS
2026-06-01 07:18:47,582 - INFO - [MARUTI_NS] Inserted 214 rows (duplicates ignored)
2026-06-01 07:18:47,582 - INFO - Inserted 214 rows for MARUTI.NS
2026-06-01 07:18:47,921 - INFO - [SUNPHARMA_NS] Inserted 214 rows (duplicates ignored)
2026-06-01 07:18:47,921 - INFO - Inserted 214 rows for SUNPHARMA.NS
2026-06-01 07:18:48,169 - INFO - [WIPRO_NS] Inserted 214 rows (duplicates ignored)
2026-06-01 07:18:48,169 - INFO - Inserted 214 rows for WIPRO.NS
2026-06-01 07:18:48,561 - INFO - [POWERGRID_NS] Inserted 214 rows (duplicates ignored)
2026-06-01 07:18:48,561 - INFO - Inserted 214 rows for POWERGRID.NS
2026-06-01 07:18:48,740 - INFO - [NTPC_NS] Inserted 214 rows (duplicates ignored)
2026-06-01 07:18:48,740 - INFO - Inserted 214 rows for NTPC.NS
2026-06-01 07:18:49,111 - INFO - [ONGC_NS] Inserted 214 rows (duplicates ignored)
2026-06-01 07:18:49,111 - INFO - Inserted 214 rows for ONGC.NS
2026-06-01 07:18:49,126 - INFO - Cycle complete. README updated.
2026-06-01 23:51:43,974 - INFO - Starting data fetch cycle...
2026-06-01 23:51:44,341 - INFO - [RELIANCE_NS] Inserted 375 rows (duplicates ignored)
2026-06-01 23:51:44,341 - INFO - Inserted 375 rows for RELIANCE.NS
2026-06-01 23:51:44,531 - INFO - [HDFCBANK_NS] Inserted 375 rows (duplicates ignored)
2026-06-01 23:51:44,531 - INFO - Inserted 375 rows for HDFCBANK.NS
2026-06-01 23:51:44,665 - INFO - [ICICIBANK_NS] Inserted 375 rows (duplicates ignored)
2026-06-01 23:51:44,666 - INFO - Inserted 375 rows for ICICIBANK.NS
2026-06-01 23:51:44,874 - INFO - [INFY_NS] Inserted 375 rows (duplicates ignored)
2026-06-01 23:51:44,874 - INFO - Inserted 375 rows for INFY.NS
2026-06-01 23:51:45,040 - INFO - [TCS_NS] Inserted 375 rows (duplicates ignored)
2026-06-01 23:51:45,040 - INFO - Inserted 375 rows for TCS.NS
2026-06-01 23:51:45,185 - INFO - [ITC_NS] Inserted 375 rows (duplicates ignored)
2026-06-01 23:51:45,185 - INFO - Inserted 375 rows for ITC.NS
2026-06-01 23:51:45,340 - INFO - [HINDUNILVR_NS] Inserted 375 rows (duplicates ignored)
2026-06-01 23:51:45,340 - INFO - Inserted 375 rows for HINDUNILVR.NS
2026-06-01 23:51:45,497 - INFO - [SBIN_NS] Inserted 375 rows (duplicates ignored)
2026-06-01 23:51:45,498 - INFO - Inserted 375 rows for SBIN.NS
2026-06-01 23:51:45,635 - INFO - [BHARTIARTL_NS] Inserted 375 rows (duplicates ignored)
2026-06-01 23:51:45,635 - INFO - Inserted 375 rows for BHARTIARTL.NS
2026-06-01 23:51:45,812 - INFO - [KOTAKBANK_NS] Inserted 375 rows (duplicates ignored)
2026-06-01 23:51:45,813 - INFO - Inserted 375 rows for KOTAKBANK.NS
2026-06-01 23:51:45,978 - INFO - [LT_NS] Inserted 375 rows (duplicates ignored)
2026-06-01 23:51:45,978 - INFO - Inserted 375 rows for LT.NS
2026-06-01 23:51:46,116 - INFO - [AXISBANK_NS] Inserted 375 rows (duplicates ignored)
2026-06-01 23:51:46,116 - INFO - Inserted 375 rows for AXISBANK.NS
2026-06-01 23:51:46,265 - INFO - [BAJFINANCE_NS] Inserted 375 rows (duplicates ignored)
2026-06-01 23:51:46,265 - INFO - Inserted 375 rows for BAJFINANCE.NS
2026-06-01 23:51:46,412 - INFO - [ASIANPAINT_NS] Inserted 375 rows (duplicates ignored)
2026-06-01 23:51:46,412 - INFO - Inserted 375 rows for ASIANPAINT.NS
2026-06-01 23:51:46,557 - INFO - [MARUTI_NS] Inserted 375 rows (duplicates ignored)
2026-06-01 23:51:46,557 - INFO - Inserted 375 rows for MARUTI.NS
2026-06-01 23:51:46,743 - INFO - [SUNPHARMA_NS] Inserted 375 rows (duplicates ignored)
2026-06-01 23:51:46,743 - INFO - Inserted 375 rows for SUNPHARMA.NS
2026-06-01 23:51:46,893 - INFO - [WIPRO_NS] Inserted 375 rows (duplicates ignored)
2026-06-01 23:51:46,893 - INFO - Inserted 375 rows for WIPRO.NS
2026-06-01 23:51:47,022 - INFO - [POWERGRID_NS] Inserted 375 rows (duplicates ignored)
2026-06-01 23:51:47,022 - INFO - Inserted 375 rows for POWERGRID.NS
2026-06-01 23:51:47,157 - INFO - [NTPC_NS] Inserted 375 rows (duplicates ignored)
2026-06-01 23:51:47,157 - INFO - Inserted 375 rows for NTPC.NS
2026-06-01 23:51:47,304 - INFO - [ONGC_NS] Inserted 375 rows (duplicates ignored)
2026-06-01 23:51:47,304 - INFO - Inserted 375 rows for ONGC.NS
2026-06-01 23:51:47,317 - INFO - Cycle complete. README updated.
2026-06-02 02:58:27,813 - INFO - Starting data fetch cycle...
2026-06-02 02:58:28,174 - INFO - [RELIANCE_NS] Inserted 375 rows (duplicates ignored)
2026-06-02 02:58:28,174 - INFO - Inserted 375 rows for RELIANCE.NS
2026-06-02 02:58:28,361 - INFO - [HDFCBANK_NS] Inserted 375 rows (duplicates ignored)
2026-06-02 02:58:28,361 - INFO - Inserted 375 rows for HDFCBANK.NS
2026-06-02 02:58:28,521 - INFO - [ICICIBANK_NS] Inserted 375 rows (duplicates ignored)
2026-06-02 02:58:28,521 - INFO - Inserted 375 rows for ICICIBANK.NS
2026-06-02 02:58:28,679 - INFO - [INFY_NS] Inserted 375 rows (duplicates ignored)
2026-06-02 02:58:28,679 - INFO - Inserted 375 rows for INFY.NS
2026-06-02 02:58:28,816 - INFO - [TCS_NS] Inserted 375 rows (duplicates ignored)
2026-06-02 02:58:28,817 - INFO - Inserted 375 rows for TCS.NS
2026-06-02 02:58:28,973 - INFO - [ITC_NS] Inserted 375 rows (duplicates ignored)
2026-06-02 02:58:28,973 - INFO - Inserted 375 rows for ITC.NS
2026-06-02 02:58:29,132 - INFO - [HINDUNILVR_NS] Inserted 375 rows (duplicates ignored)
2026-06-02 02:58:29,133 - INFO - Inserted 375 rows for HINDUNILVR.NS
2026-06-02 02:58:29,322 - INFO - [SBIN_NS] Inserted 375 rows (duplicates ignored)
2026-06-02 02:58:29,322 - INFO - Inserted 375 rows for SBIN.NS
2026-06-02 02:58:29,460 - INFO - [BHARTIARTL_NS] Inserted 375 rows (duplicates ignored)
2026-06-02 02:58:29,460 - INFO - Inserted 375 rows for BHARTIARTL.NS
2026-06-02 02:58:29,612 - INFO - [KOTAKBANK_NS] Inserted 375 rows (duplicates ignored)
2026-06-02 02:58:29,612 - INFO - Inserted 375 rows for KOTAKBANK.NS
2026-06-02 02:58:29,761 - INFO - [LT_NS] Inserted 375 rows (duplicates ignored)
2026-06-02 02:58:29,761 - INFO - Inserted 375 rows for LT.NS
2026-06-02 02:58:29,903 - INFO - [AXISBANK_NS] Inserted 375 rows (duplicates ignored)
2026-06-02 02:58:29,903 - INFO - Inserted 375 rows for AXISBANK.NS
2026-06-02 02:58:30,040 - INFO - [BAJFINANCE_NS] Inserted 375 rows (duplicates ignored)
2026-06-02 02:58:30,040 - INFO - Inserted 375 rows for BAJFINANCE.NS
2026-06-02 02:58:30,191 - INFO - [ASIANPAINT_NS] Inserted 375 rows (duplicates ignored)
2026-06-02 02:58:30,191 - INFO - Inserted 375 rows for ASIANPAINT.NS
2026-06-02 02:58:30,338 - INFO - [MARUTI_NS] Inserted 375 rows (duplicates ignored)
2026-06-02 02:58:30,338 - INFO - Inserted 375 rows for MARUTI.NS
2026-06-02 02:58:30,534 - INFO - [SUNPHARMA_NS] Inserted 375 rows (duplicates ignored)
2026-06-02 02:58:30,534 - INFO - Inserted 375 rows for SUNPHARMA.NS
2026-06-02 02:58:30,694 - INFO - [WIPRO_NS] Inserted 375 rows (duplicates ignored)
2026-06-02 02:58:30,694 - INFO - Inserted 375 rows for WIPRO.NS
2026-06-02 02:58:30,830 - INFO - [POWERGRID_NS] Inserted 375 rows (duplicates ignored)
2026-06-02 02:58:30,831 - INFO - Inserted 375 rows for POWERGRID.NS
2026-06-02 02:58:30,973 - INFO - [NTPC_NS] Inserted 375 rows (duplicates ignored)
2026-06-02 02:58:30,973 - INFO - Inserted 375 rows for NTPC.NS
2026-06-02 02:58:31,131 - INFO - [ONGC_NS] Inserted 375 rows (duplicates ignored)
2026-06-02 02:58:31,131 - INFO - Inserted 375 rows for ONGC.NS
2026-06-02 02:58:31,145 - INFO - Cycle complete. README updated.
2026-06-02 08:03:12,070 - INFO - Starting data fetch cycle...
2026-06-02 08:03:12,806 - INFO - [RELIANCE_NS] Inserted 259 rows (duplicates ignored)
2026-06-02 08:03:12,806 - INFO - Inserted 259 rows for RELIANCE.NS
2026-06-02 08:03:13,158 - INFO - [HDFCBANK_NS] Inserted 259 rows (duplicates ignored)
2026-06-02 08:03:13,158 - INFO - Inserted 259 rows for HDFCBANK.NS
2026-06-02 08:03:13,458 - INFO - [ICICIBANK_NS] Inserted 259 rows (duplicates ignored)
2026-06-02 08:03:13,458 - INFO - Inserted 259 rows for ICICIBANK.NS
2026-06-02 08:03:13,789 - INFO - [INFY_NS] Inserted 259 rows (duplicates ignored)
2026-06-02 08:03:13,789 - INFO - Inserted 259 rows for INFY.NS
2026-06-02 08:03:14,148 - INFO - [TCS_NS] Inserted 259 rows (duplicates ignored)
2026-06-02 08:03:14,149 - INFO - Inserted 259 rows for TCS.NS
2026-06-02 08:03:14,518 - INFO - [ITC_NS] Inserted 259 rows (duplicates ignored)
2026-06-02 08:03:14,518 - INFO - Inserted 259 rows for ITC.NS
2026-06-02 08:03:14,858 - INFO - [HINDUNILVR_NS] Inserted 259 rows (duplicates ignored)
2026-06-02 08:03:14,858 - INFO - Inserted 259 rows for HINDUNILVR.NS
2026-06-02 08:03:15,251 - INFO - [SBIN_NS] Inserted 259 rows (duplicates ignored)
2026-06-02 08:03:15,251 - INFO - Inserted 259 rows for SBIN.NS
2026-06-02 08:03:15,559 - INFO - [BHARTIARTL_NS] Inserted 259 rows (duplicates ignored)
2026-06-02 08:03:15,559 - INFO - Inserted 259 rows for BHARTIARTL.NS
2026-06-02 08:03:15,899 - INFO - [KOTAKBANK_NS] Inserted 259 rows (duplicates ignored)
2026-06-02 08:03:15,899 - INFO - Inserted 259 rows for KOTAKBANK.NS
2026-06-02 08:03:16,230 - INFO - [LT_NS] Inserted 259 rows (duplicates ignored)
2026-06-02 08:03:16,230 - INFO - Inserted 259 rows for LT.NS
2026-06-02 08:03:16,558 - INFO - [AXISBANK_NS] Inserted 259 rows (duplicates ignored)
2026-06-02 08:03:16,558 - INFO - Inserted 259 rows for AXISBANK.NS
2026-06-02 08:03:16,886 - INFO - [BAJFINANCE_NS] Inserted 259 rows (duplicates ignored)
2026-06-02 08:03:16,886 - INFO - Inserted 259 rows for BAJFINANCE.NS
2026-06-02 08:03:17,216 - INFO - [ASIANPAINT_NS] Inserted 259 rows (duplicates ignored)
2026-06-02 08:03:17,216 - INFO - Inserted 259 rows for ASIANPAINT.NS
2026-06-02 08:03:17,544 - INFO - [MARUTI_NS] Inserted 259 rows (duplicates ignored)
2026-06-02 08:03:17,544 - INFO - Inserted 259 rows for MARUTI.NS
2026-06-02 08:03:17,932 - INFO - [SUNPHARMA_NS] Inserted 259 rows (duplicates ignored)
2026-06-02 08:03:17,932 - INFO - Inserted 259 rows for SUNPHARMA.NS
2026-06-02 08:03:18,221 - INFO - [WIPRO_NS] Inserted 259 rows (duplicates ignored)
2026-06-02 08:03:18,221 - INFO - Inserted 259 rows for WIPRO.NS
2026-06-02 08:03:18,553 - INFO - [POWERGRID_NS] Inserted 259 rows (duplicates ignored)
2026-06-02 08:03:18,553 - INFO - Inserted 259 rows for POWERGRID.NS
2026-06-02 08:03:18,872 - INFO - [NTPC_NS] Inserted 259 rows (duplicates ignored)
2026-06-02 08:03:18,873 - INFO - Inserted 259 rows for NTPC.NS
2026-06-02 08:03:19,235 - INFO - [ONGC_NS] Inserted 259 rows (duplicates ignored)
2026-06-02 08:03:19,236 - INFO - Inserted 259 rows for ONGC.NS
2026-06-02 08:03:19,247 - INFO - Cycle complete. README updated.
2026-06-03 00:12:18,467 - INFO - Starting data fetch cycle...
2026-06-03 00:12:19,116 - INFO - [RELIANCE_NS] Inserted 375 rows (duplicates ignored)
2026-06-03 00:12:19,116 - INFO - Inserted 375 rows for RELIANCE.NS
2026-06-03 00:12:19,538 - INFO - [HDFCBANK_NS] Inserted 375 rows (duplicates ignored)
2026-06-03 00:12:19,538 - INFO - Inserted 375 rows for HDFCBANK.NS
2026-06-03 00:12:19,951 - INFO - [ICICIBANK_NS] Inserted 375 rows (duplicates ignored)
2026-06-03 00:12:19,951 - INFO - Inserted 375 rows for ICICIBANK.NS
2026-06-03 00:12:20,418 - INFO - [INFY_NS] Inserted 375 rows (duplicates ignored)
2026-06-03 00:12:20,418 - INFO - Inserted 375 rows for INFY.NS
2026-06-03 00:12:20,863 - INFO - [TCS_NS] Inserted 375 rows (duplicates ignored)
2026-06-03 00:12:20,863 - INFO - Inserted 375 rows for TCS.NS
2026-06-03 00:12:21,387 - INFO - [ITC_NS] Inserted 375 rows (duplicates ignored)
2026-06-03 00:12:21,387 - INFO - Inserted 375 rows for ITC.NS
2026-06-03 00:12:21,686 - INFO - [HINDUNILVR_NS] Inserted 375 rows (duplicates ignored)
2026-06-03 00:12:21,686 - INFO - Inserted 375 rows for HINDUNILVR.NS
2026-06-03 00:12:22,040 - INFO - [SBIN_NS] Inserted 375 rows (duplicates ignored)
2026-06-03 00:12:22,040 - INFO - Inserted 375 rows for SBIN.NS
2026-06-03 00:12:22,591 - INFO - [BHARTIARTL_NS] Inserted 375 rows (duplicates ignored)
2026-06-03 00:12:22,591 - INFO - Inserted 375 rows for BHARTIARTL.NS
2026-06-03 00:12:22,943 - INFO - [KOTAKBANK_NS] Inserted 375 rows (duplicates ignored)
2026-06-03 00:12:22,943 - INFO - Inserted 375 rows for KOTAKBANK.NS
2026-06-03 00:12:23,292 - INFO - [LT_NS] Inserted 375 rows (duplicates ignored)
2026-06-03 00:12:23,292 - INFO - Inserted 375 rows for LT.NS
2026-06-03 00:12:23,661 - INFO - [AXISBANK_NS] Inserted 375 rows (duplicates ignored)
2026-06-03 00:12:23,661 - INFO - Inserted 375 rows for AXISBANK.NS
2026-06-03 00:12:23,974 - INFO - [BAJFINANCE_NS] Inserted 375 rows (duplicates ignored)
2026-06-03 00:12:23,974 - INFO - Inserted 375 rows for BAJFINANCE.NS
2026-06-03 00:12:24,308 - INFO - [ASIANPAINT_NS] Inserted 375 rows (duplicates ignored)
2026-06-03 00:12:24,308 - INFO - Inserted 375 rows for ASIANPAINT.NS
2026-06-03 00:12:24,679 - INFO - [MARUTI_NS] Inserted 375 rows (duplicates ignored)
2026-06-03 00:12:24,679 - INFO - Inserted 375 rows for MARUTI.NS
2026-06-03 00:12:25,019 - INFO - [SUNPHARMA_NS] Inserted 375 rows (duplicates ignored)
2026-06-03 00:12:25,019 - INFO - Inserted 375 rows for SUNPHARMA.NS
2026-06-03 00:12:25,352 - INFO - [WIPRO_NS] Inserted 375 rows (duplicates ignored)
2026-06-03 00:12:25,352 - INFO - Inserted 375 rows for WIPRO.NS
2026-06-03 00:12:25,628 - INFO - [POWERGRID_NS] Inserted 375 rows (duplicates ignored)
2026-06-03 00:12:25,628 - INFO - Inserted 375 rows for POWERGRID.NS
2026-06-03 00:12:26,008 - INFO - [NTPC_NS] Inserted 375 rows (duplicates ignored)
2026-06-03 00:12:26,008 - INFO - Inserted 375 rows for NTPC.NS
2026-06-03 00:12:26,382 - INFO - [ONGC_NS] Inserted 375 rows (duplicates ignored)
2026-06-03 00:12:26,382 - INFO - Inserted 375 rows for ONGC.NS
2026-06-03 00:12:26,395 - INFO - Cycle complete. README updated.
2026-06-03 05:20:14,201 - INFO - Starting data fetch cycle...
2026-06-03 05:20:14,639 - INFO - [RELIANCE_NS] Inserted 96 rows (duplicates ignored)
2026-06-03 05:20:14,639 - INFO - Inserted 96 rows for RELIANCE.NS
2026-06-03 05:20:14,973 - INFO - [HDFCBANK_NS] Inserted 96 rows (duplicates ignored)
2026-06-03 05:20:14,974 - INFO - Inserted 96 rows for HDFCBANK.NS
2026-06-03 05:20:15,219 - INFO - [ICICIBANK_NS] Inserted 96 rows (duplicates ignored)
2026-06-03 05:20:15,219 - INFO - Inserted 96 rows for ICICIBANK.NS
2026-06-03 05:20:15,396 - INFO - [INFY_NS] Inserted 96 rows (duplicates ignored)
2026-06-03 05:20:15,396 - INFO - Inserted 96 rows for INFY.NS
2026-06-03 05:20:15,539 - INFO - [TCS_NS] Inserted 96 rows (duplicates ignored)
2026-06-03 05:20:15,539 - INFO - Inserted 96 rows for TCS.NS
2026-06-03 05:20:15,745 - INFO - [ITC_NS] Inserted 96 rows (duplicates ignored)
2026-06-03 05:20:15,745 - INFO - Inserted 96 rows for ITC.NS
2026-06-03 05:20:16,292 - INFO - [HINDUNILVR_NS] Inserted 96 rows (duplicates ignored)
2026-06-03 05:20:16,292 - INFO - Inserted 96 rows for HINDUNILVR.NS
2026-06-03 05:20:16,454 - INFO - [SBIN_NS] Inserted 96 rows (duplicates ignored)
2026-06-03 05:20:16,454 - INFO - Inserted 96 rows for SBIN.NS
2026-06-03 05:20:16,638 - INFO - [BHARTIARTL_NS] Inserted 96 rows (duplicates ignored)
2026-06-03 05:20:16,638 - INFO - Inserted 96 rows for BHARTIARTL.NS
2026-06-03 05:20:16,781 - INFO - [KOTAKBANK_NS] Inserted 96 rows (duplicates ignored)
2026-06-03 05:20:16,781 - INFO - Inserted 96 rows for KOTAKBANK.NS
2026-06-03 05:20:17,004 - INFO - [LT_NS] Inserted 96 rows (duplicates ignored)
2026-06-03 05:20:17,005 - INFO - Inserted 96 rows for LT.NS
2026-06-03 05:20:17,211 - INFO - [AXISBANK_NS] Inserted 96 rows (duplicates ignored)
2026-06-03 05:20:17,211 - INFO - Inserted 96 rows for AXISBANK.NS
2026-06-03 05:20:17,414 - INFO - [BAJFINANCE_NS] Inserted 96 rows (duplicates ignored)
2026-06-03 05:20:17,414 - INFO - Inserted 96 rows for BAJFINANCE.NS
2026-06-03 05:20:17,610 - INFO - [ASIANPAINT_NS] Inserted 96 rows (duplicates ignored)
2026-06-03 05:20:17,610 - INFO - Inserted 96 rows for ASIANPAINT.NS
2026-06-03 05:20:17,804 - INFO - [MARUTI_NS] Inserted 96 rows (duplicates ignored)
2026-06-03 05:20:17,804 - INFO - Inserted 96 rows for MARUTI.NS
2026-06-03 05:20:17,966 - INFO - [SUNPHARMA_NS] Inserted 96 rows (duplicates ignored)
2026-06-03 05:20:17,966 - INFO - Inserted 96 rows for SUNPHARMA.NS
2026-06-03 05:20:18,153 - INFO - [WIPRO_NS] Inserted 96 rows (duplicates ignored)
2026-06-03 05:20:18,153 - INFO - Inserted 96 rows for WIPRO.NS
2026-06-03 05:20:18,406 - INFO - [POWERGRID_NS] Inserted 96 rows (duplicates ignored)
2026-06-03 05:20:18,407 - INFO - Inserted 96 rows for POWERGRID.NS
2026-06-03 05:20:18,583 - INFO - [NTPC_NS] Inserted 96 rows (duplicates ignored)
2026-06-03 05:20:18,583 - INFO - Inserted 96 rows for NTPC.NS
2026-06-03 05:20:18,755 - INFO - [ONGC_NS] Inserted 96 rows (duplicates ignored)
2026-06-03 05:20:18,756 - INFO - Inserted 96 rows for ONGC.NS
2026-06-03 05:20:18,765 - INFO - Cycle complete. README updated.
2026-06-03 10:15:59,046 - INFO - Starting data fetch cycle...
2026-06-03 10:15:59,679 - INFO - [RELIANCE_NS] Inserted 375 rows (duplicates ignored)
2026-06-03 10:15:59,679 - INFO - Inserted 375 rows for RELIANCE.NS
2026-06-03 10:15:59,910 - INFO - [HDFCBANK_NS] Inserted 375 rows (duplicates ignored)
2026-06-03 10:15:59,910 - INFO - Inserted 375 rows for HDFCBANK.NS
2026-06-03 10:16:00,129 - INFO - [ICICIBANK_NS] Inserted 375 rows (duplicates ignored)
2026-06-03 10:16:00,129 - INFO - Inserted 375 rows for ICICIBANK.NS
2026-06-03 10:16:00,358 - INFO - [INFY_NS] Inserted 375 rows (duplicates ignored)
2026-06-03 10:16:00,358 - INFO - Inserted 375 rows for INFY.NS
2026-06-03 10:16:00,687 - INFO - [TCS_NS] Inserted 375 rows (duplicates ignored)
2026-06-03 10:16:00,688 - INFO - Inserted 375 rows for TCS.NS
2026-06-03 10:16:00,929 - INFO - [ITC_NS] Inserted 375 rows (duplicates ignored)
2026-06-03 10:16:00,929 - INFO - Inserted 375 rows for ITC.NS
2026-06-03 10:16:01,158 - INFO - [HINDUNILVR_NS] Inserted 374 rows (duplicates ignored)
2026-06-03 10:16:01,158 - INFO - Inserted 374 rows for HINDUNILVR.NS
2026-06-03 10:16:01,386 - INFO - [SBIN_NS] Inserted 375 rows (duplicates ignored)
2026-06-03 10:16:01,386 - INFO - Inserted 375 rows for SBIN.NS
2026-06-03 10:16:01,613 - INFO - [BHARTIARTL_NS] Inserted 374 rows (duplicates ignored)
2026-06-03 10:16:01,613 - INFO - Inserted 374 rows for BHARTIARTL.NS
2026-06-03 10:16:01,845 - INFO - [KOTAKBANK_NS] Inserted 374 rows (duplicates ignored)
2026-06-03 10:16:01,845 - INFO - Inserted 374 rows for KOTAKBANK.NS
2026-06-03 10:16:02,076 - INFO - [LT_NS] Inserted 374 rows (duplicates ignored)
2026-06-03 10:16:02,076 - INFO - Inserted 374 rows for LT.NS
2026-06-03 10:16:02,321 - INFO - [AXISBANK_NS] Inserted 375 rows (duplicates ignored)
2026-06-03 10:16:02,321 - INFO - Inserted 375 rows for AXISBANK.NS
2026-06-03 10:16:02,550 - INFO - [BAJFINANCE_NS] Inserted 375 rows (duplicates ignored)
2026-06-03 10:16:02,550 - INFO - Inserted 375 rows for BAJFINANCE.NS
2026-06-03 10:16:02,776 - INFO - [ASIANPAINT_NS] Inserted 375 rows (duplicates ignored)
2026-06-03 10:16:02,776 - INFO - Inserted 375 rows for ASIANPAINT.NS
2026-06-03 10:16:03,002 - INFO - [MARUTI_NS] Inserted 374 rows (duplicates ignored)
2026-06-03 10:16:03,002 - INFO - Inserted 374 rows for MARUTI.NS
2026-06-03 10:16:03,252 - INFO - [SUNPHARMA_NS] Inserted 374 rows (duplicates ignored)
2026-06-03 10:16:03,252 - INFO - Inserted 374 rows for SUNPHARMA.NS
2026-06-03 10:16:03,491 - INFO - [WIPRO_NS] Inserted 375 rows (duplicates ignored)
2026-06-03 10:16:03,491 - INFO - Inserted 375 rows for WIPRO.NS
2026-06-03 10:16:03,709 - INFO - [POWERGRID_NS] Inserted 375 rows (duplicates ignored)
2026-06-03 10:16:03,710 - INFO - Inserted 375 rows for POWERGRID.NS
2026-06-03 10:16:03,935 - INFO - [NTPC_NS] Inserted 375 rows (duplicates ignored)
2026-06-03 10:16:03,936 - INFO - Inserted 375 rows for NTPC.NS
2026-06-03 10:16:04,167 - INFO - [ONGC_NS] Inserted 375 rows (duplicates ignored)
2026-06-03 10:16:04,167 - INFO - Inserted 375 rows for ONGC.NS
2026-06-03 10:16:04,179 - INFO - Cycle complete. README updated.
2026-06-04 00:14:33,923 - INFO - Starting data fetch cycle...
2026-06-04 00:14:34,348 - INFO - [RELIANCE_NS] Inserted 375 rows (duplicates ignored)
2026-06-04 00:14:34,348 - INFO - Inserted 375 rows for RELIANCE.NS
2026-06-04 00:14:34,528 - INFO - [HDFCBANK_NS] Inserted 375 rows (duplicates ignored)
2026-06-04 00:14:34,528 - INFO - Inserted 375 rows for HDFCBANK.NS
2026-06-04 00:14:34,698 - INFO - [ICICIBANK_NS] Inserted 375 rows (duplicates ignored)
2026-06-04 00:14:34,698 - INFO - Inserted 375 rows for ICICIBANK.NS
2026-06-04 00:14:34,879 - INFO - [INFY_NS] Inserted 375 rows (duplicates ignored)
2026-06-04 00:14:34,879 - INFO - Inserted 375 rows for INFY.NS
2026-06-04 00:14:35,041 - INFO - [TCS_NS] Inserted 375 rows (duplicates ignored)
2026-06-04 00:14:35,041 - INFO - Inserted 375 rows for TCS.NS
2026-06-04 00:14:35,211 - INFO - [ITC_NS] Inserted 375 rows (duplicates ignored)
2026-06-04 00:14:35,211 - INFO - Inserted 375 rows for ITC.NS
2026-06-04 00:14:35,384 - INFO - [HINDUNILVR_NS] Inserted 375 rows (duplicates ignored)
2026-06-04 00:14:35,384 - INFO - Inserted 375 rows for HINDUNILVR.NS
2026-06-04 00:14:35,563 - INFO - [SBIN_NS] Inserted 375 rows (duplicates ignored)
2026-06-04 00:14:35,563 - INFO - Inserted 375 rows for SBIN.NS
2026-06-04 00:14:35,721 - INFO - [BHARTIARTL_NS] Inserted 375 rows (duplicates ignored)
2026-06-04 00:14:35,721 - INFO - Inserted 375 rows for BHARTIARTL.NS
2026-06-04 00:14:35,929 - INFO - [KOTAKBANK_NS] Inserted 375 rows (duplicates ignored)
2026-06-04 00:14:35,929 - INFO - Inserted 375 rows for KOTAKBANK.NS
2026-06-04 00:14:36,130 - INFO - [LT_NS] Inserted 375 rows (duplicates ignored)
2026-06-04 00:14:36,130 - INFO - Inserted 375 rows for LT.NS
2026-06-04 00:14:36,312 - INFO - [AXISBANK_NS] Inserted 375 rows (duplicates ignored)
2026-06-04 00:14:36,312 - INFO - Inserted 375 rows for AXISBANK.NS
2026-06-04 00:14:36,489 - INFO - [BAJFINANCE_NS] Inserted 375 rows (duplicates ignored)
2026-06-04 00:14:36,490 - INFO - Inserted 375 rows for BAJFINANCE.NS
2026-06-04 00:14:36,659 - INFO - [ASIANPAINT_NS] Inserted 375 rows (duplicates ignored)
2026-06-04 00:14:36,659 - INFO - Inserted 375 rows for ASIANPAINT.NS
2026-06-04 00:14:36,816 - INFO - [MARUTI_NS] Inserted 375 rows (duplicates ignored)
2026-06-04 00:14:36,816 - INFO - Inserted 375 rows for MARUTI.NS
2026-06-04 00:14:37,042 - INFO - [SUNPHARMA_NS] Inserted 375 rows (duplicates ignored)
2026-06-04 00:14:37,043 - INFO - Inserted 375 rows for SUNPHARMA.NS
2026-06-04 00:14:37,224 - INFO - [WIPRO_NS] Inserted 375 rows (duplicates ignored)
2026-06-04 00:14:37,224 - INFO - Inserted 375 rows for WIPRO.NS
2026-06-04 00:14:37,381 - INFO - [POWERGRID_NS] Inserted 375 rows (duplicates ignored)
2026-06-04 00:14:37,382 - INFO - Inserted 375 rows for POWERGRID.NS
2026-06-04 00:14:37,549 - INFO - [NTPC_NS] Inserted 375 rows (duplicates ignored)
2026-06-04 00:14:37,549 - INFO - Inserted 375 rows for NTPC.NS
2026-06-04 00:14:37,732 - INFO - [ONGC_NS] Inserted 375 rows (duplicates ignored)
2026-06-04 00:14:37,732 - INFO - Inserted 375 rows for ONGC.NS
2026-06-04 00:14:37,749 - INFO - Cycle complete. README updated.
